2023-05-20 18:00:13,563 INFO org.springframework.boot.StartupInfoLogger [main] Starting PFEApplication using Java 1.8.0_362 on LAPTOP-B3SK61G6 with PID 28676 (C:\Users\badrm\IdeaProjects\PFEProject\target\classes started by badrm in C:\Users\badrm\IdeaProjects\PFEProject)
2023-05-20 18:00:13,568 DEBUG org.springframework.boot.StartupInfoLogger [main] Running with Spring Boot v2.5.3, Spring v5.3.9
2023-05-20 18:00:13,568 INFO org.springframework.boot.SpringApplication [main] The following profiles are active: dev
2023-05-20 18:00:14,513 INFO org.springframework.data.repository.config.RepositoryConfigurationDelegate [main] Bootstrapping Spring Data JPA repositories in DEFAULT mode.
2023-05-20 18:00:14,579 INFO org.springframework.data.repository.config.RepositoryConfigurationDelegate [main] Finished Spring Data repository scanning in 57 ms. Found 1 JPA repository interfaces.
2023-05-20 18:00:15,688 INFO org.springframework.boot.web.embedded.tomcat.TomcatWebServer [main] Tomcat initialized with port(s): 8083 (http)
2023-05-20 18:00:15,701 INFO org.apache.juli.logging.DirectJDKLog [main] Initializing ProtocolHandler ["http-nio-8083"]
2023-05-20 18:00:15,702 INFO org.apache.juli.logging.DirectJDKLog [main] Starting service [Tomcat]
2023-05-20 18:00:15,702 INFO org.apache.juli.logging.DirectJDKLog [main] Starting Servlet engine: [Apache Tomcat/9.0.50]
2023-05-20 18:00:15,801 INFO org.apache.juli.logging.DirectJDKLog [main] Initializing Spring embedded WebApplicationContext
2023-05-20 18:00:15,801 INFO org.springframework.boot.web.servlet.context.ServletWebServerApplicationContext [main] Root WebApplicationContext: initialization completed in 2190 ms
2023-05-20 18:00:16,588 INFO com.zaxxer.hikari.HikariDataSource [main] HikariPool-1 - Starting...
2023-05-20 18:00:16,804 INFO com.zaxxer.hikari.HikariDataSource [main] HikariPool-1 - Start completed.
2023-05-20 18:00:18,149 INFO org.springframework.orm.jpa.AbstractEntityManagerFactoryBean [main] Initialized JPA EntityManagerFactory for persistence unit 'default'
2023-05-20 18:00:18,775 DEBUG org.springframework.web.servlet.handler.AbstractHandlerMethodMapping [main] 12 mappings in 'requestMappingHandlerMapping'
2023-05-20 18:00:18,969 DEBUG org.springframework.web.servlet.mvc.method.annotation.RequestMappingHandlerAdapter [main] ControllerAdvice beans: 0 @ModelAttribute, 0 @InitBinder, 1 RequestBodyAdvice, 1 ResponseBodyAdvice
2023-05-20 18:00:19,325 DEBUG org.springframework.web.servlet.handler.SimpleUrlHandlerMapping [main] Patterns [/swagger-ui/] in 'viewControllerHandlerMapping'
2023-05-20 18:00:19,371 DEBUG org.springframework.web.servlet.handler.SimpleUrlHandlerMapping [main] Patterns [/webjars/**, /**, /swagger-ui/**] in 'resourceHandlerMapping'
2023-05-20 18:00:19,378 DEBUG org.springframework.web.servlet.mvc.method.annotation.ExceptionHandlerExceptionResolver [main] ControllerAdvice beans: 0 @ExceptionHandler, 1 ResponseBodyAdvice
2023-05-20 18:00:19,539 INFO org.apache.juli.logging.DirectJDKLog [main] Starting ProtocolHandler ["http-nio-8083"]
2023-05-20 18:00:19,604 INFO org.springframework.boot.web.embedded.tomcat.TomcatWebServer [main] Tomcat started on port(s): 8083 (http) with context path ''
2023-05-20 18:00:19,845 INFO org.springframework.boot.StartupInfoLogger [main] Started PFEApplication in 6.808 seconds (JVM running for 7.583)
2023-05-20 18:00:19,848 INFO ma.pfe.PFEApplication [main] Access URLs:
----------------------------------------------------------
	Local: 		http://127.0.0.1:8083/swagger-ui/#/
	External: 	http://192.168.1.5:8083/swagger-ui/#/
----------------------------------------------------------
2023-05-20 18:00:24,320 INFO org.apache.juli.logging.DirectJDKLog [http-nio-8083-exec-1] Initializing Spring DispatcherServlet 'dispatcherServlet'
2023-05-20 18:00:24,320 INFO org.springframework.web.servlet.FrameworkServlet [http-nio-8083-exec-1] Initializing Servlet 'dispatcherServlet'
2023-05-20 18:00:24,321 DEBUG org.springframework.web.servlet.DispatcherServlet [http-nio-8083-exec-1] Detected StandardServletMultipartResolver
2023-05-20 18:00:24,321 DEBUG org.springframework.web.servlet.DispatcherServlet [http-nio-8083-exec-1] Detected AcceptHeaderLocaleResolver
2023-05-20 18:00:24,321 DEBUG org.springframework.web.servlet.DispatcherServlet [http-nio-8083-exec-1] Detected FixedThemeResolver
2023-05-20 18:00:24,324 DEBUG org.springframework.web.servlet.DispatcherServlet [http-nio-8083-exec-1] Detected org.springframework.web.servlet.view.DefaultRequestToViewNameTranslator@60bc308b
2023-05-20 18:00:24,325 DEBUG org.springframework.web.servlet.DispatcherServlet [http-nio-8083-exec-1] Detected org.springframework.web.servlet.support.SessionFlashMapManager@7497a554
2023-05-20 18:00:24,326 DEBUG org.springframework.web.servlet.FrameworkServlet [http-nio-8083-exec-1] enableLoggingRequestDetails='false': request parameters and headers will be masked to prevent unsafe logging of potentially sensitive data
2023-05-20 18:00:24,326 INFO org.springframework.web.servlet.FrameworkServlet [http-nio-8083-exec-1] Completed initialization in 5 ms
2023-05-20 18:00:24,340 DEBUG org.springframework.core.log.LogFormatUtils [http-nio-8083-exec-1] GET "/swagger-ui/", parameters={}
2023-05-20 18:00:24,355 DEBUG org.springframework.web.servlet.handler.AbstractHandlerMapping [http-nio-8083-exec-1] Mapped to ParameterizableViewController [view="forward:/swagger-ui/index.html"]
2023-05-20 18:00:24,369 DEBUG org.springframework.web.servlet.view.ContentNegotiatingViewResolver [http-nio-8083-exec-1] Selected 'text/html' given [text/html, application/xhtml+xml, image/avif, image/webp, image/apng, application/xml;q=0.9, application/signed-exchange;v=b3;q=0.7, */*;q=0.8]
2023-05-20 18:00:24,370 DEBUG org.springframework.web.servlet.view.AbstractView [http-nio-8083-exec-1] View name 'forward:', model {}
2023-05-20 18:00:24,375 DEBUG org.springframework.web.servlet.view.InternalResourceView [http-nio-8083-exec-1] Forwarding to [/swagger-ui/index.html]
2023-05-20 18:00:24,389 DEBUG org.springframework.core.log.LogFormatUtils [http-nio-8083-exec-1] "FORWARD" dispatch for GET "/swagger-ui/index.html", parameters={}
2023-05-20 18:00:24,393 DEBUG org.springframework.web.servlet.handler.AbstractHandlerMapping [http-nio-8083-exec-1] Mapped to ResourceHttpRequestHandler [Classpath [META-INF/resources/webjars/springfox-swagger-ui/]]
2023-05-20 18:00:24,403 DEBUG org.springframework.web.servlet.FrameworkServlet [http-nio-8083-exec-1] Exiting from "FORWARD" dispatch, status 304
2023-05-20 18:00:24,407 DEBUG org.springframework.web.servlet.FrameworkServlet [http-nio-8083-exec-1] Completed 304 NOT_MODIFIED
2023-05-20 18:00:24,475 DEBUG org.springframework.core.log.LogFormatUtils [http-nio-8083-exec-2] GET "/swagger-ui/springfox.css?v=3.0.0", parameters={masked}
2023-05-20 18:00:24,479 DEBUG org.springframework.web.servlet.handler.AbstractHandlerMapping [http-nio-8083-exec-2] Mapped to ResourceHttpRequestHandler [Classpath [META-INF/resources/webjars/springfox-swagger-ui/]]
2023-05-20 18:00:24,480 DEBUG org.springframework.core.log.LogFormatUtils [http-nio-8083-exec-3] GET "/swagger-ui/swagger-ui.css?v=3.0.0", parameters={masked}
2023-05-20 18:00:24,482 DEBUG org.springframework.web.servlet.handler.AbstractHandlerMapping [http-nio-8083-exec-3] Mapped to ResourceHttpRequestHandler [Classpath [META-INF/resources/webjars/springfox-swagger-ui/]]
2023-05-20 18:00:24,483 DEBUG org.springframework.web.servlet.FrameworkServlet [http-nio-8083-exec-2] Completed 304 NOT_MODIFIED
2023-05-20 18:00:24,484 DEBUG org.springframework.core.log.LogFormatUtils [http-nio-8083-exec-5] GET "/swagger-ui/swagger-ui-standalone-preset.js?v=3.0.0", parameters={masked}
2023-05-20 18:00:24,485 DEBUG org.springframework.core.log.LogFormatUtils [http-nio-8083-exec-4] GET "/swagger-ui/swagger-ui-bundle.js?v=3.0.0", parameters={masked}
2023-05-20 18:00:24,487 DEBUG org.springframework.web.servlet.handler.AbstractHandlerMapping [http-nio-8083-exec-4] Mapped to ResourceHttpRequestHandler [Classpath [META-INF/resources/webjars/springfox-swagger-ui/]]
2023-05-20 18:00:24,486 DEBUG org.springframework.web.servlet.handler.AbstractHandlerMapping [http-nio-8083-exec-5] Mapped to ResourceHttpRequestHandler [Classpath [META-INF/resources/webjars/springfox-swagger-ui/]]
2023-05-20 18:00:24,488 DEBUG org.springframework.core.log.LogFormatUtils [http-nio-8083-exec-6] GET "/swagger-ui/springfox.js?v=3.0.0", parameters={masked}
2023-05-20 18:00:24,489 DEBUG org.springframework.web.servlet.FrameworkServlet [http-nio-8083-exec-3] Completed 304 NOT_MODIFIED
2023-05-20 18:00:24,491 DEBUG org.springframework.web.servlet.handler.AbstractHandlerMapping [http-nio-8083-exec-6] Mapped to ResourceHttpRequestHandler [Classpath [META-INF/resources/webjars/springfox-swagger-ui/]]
2023-05-20 18:00:24,518 DEBUG org.springframework.web.servlet.FrameworkServlet [http-nio-8083-exec-6] Completed 200 OK
2023-05-20 18:00:24,525 DEBUG org.springframework.web.servlet.FrameworkServlet [http-nio-8083-exec-5] Completed 200 OK
2023-05-20 18:00:24,558 DEBUG org.springframework.web.servlet.FrameworkServlet [http-nio-8083-exec-4] Completed 200 OK
2023-05-20 18:00:25,065 DEBUG org.springframework.core.log.LogFormatUtils [http-nio-8083-exec-7] GET "/swagger-resources/configuration/ui", parameters={}
2023-05-20 18:00:25,068 DEBUG org.springframework.core.log.LogFormatUtils [http-nio-8083-exec-8] GET "/swagger-ui/favicon-32x32.png?v=3.0.0", parameters={masked}
2023-05-20 18:00:25,068 DEBUG org.springframework.web.servlet.handler.AbstractHandlerMapping [http-nio-8083-exec-7] Mapped to springfox.documentation.swagger.web.ApiResourceController#uiConfiguration()
2023-05-20 18:00:25,069 DEBUG org.springframework.web.servlet.handler.AbstractHandlerMapping [http-nio-8083-exec-8] Mapped to ResourceHttpRequestHandler [Classpath [META-INF/resources/webjars/springfox-swagger-ui/]]
2023-05-20 18:00:25,072 DEBUG org.springframework.web.servlet.FrameworkServlet [http-nio-8083-exec-8] Completed 304 NOT_MODIFIED
2023-05-20 18:00:25,086 DEBUG org.springframework.web.servlet.mvc.method.annotation.AbstractMessageConverterMethodProcessor [http-nio-8083-exec-7] Using 'application/json', given [application/json] and supported [application/json]
2023-05-20 18:00:25,119 DEBUG org.springframework.core.log.LogFormatUtils [http-nio-8083-exec-7] Writing [springfox.documentation.swagger.web.UiConfiguration@4e02340b]
2023-05-20 18:00:25,132 DEBUG org.springframework.web.servlet.FrameworkServlet [http-nio-8083-exec-7] Completed 200 OK
2023-05-20 18:00:25,150 DEBUG org.springframework.core.log.LogFormatUtils [http-nio-8083-exec-9] GET "/swagger-resources/configuration/security", parameters={}
2023-05-20 18:00:25,151 DEBUG org.springframework.web.servlet.handler.AbstractHandlerMapping [http-nio-8083-exec-9] Mapped to springfox.documentation.swagger.web.ApiResourceController#securityConfiguration()
2023-05-20 18:00:25,152 DEBUG org.springframework.web.servlet.mvc.method.annotation.AbstractMessageConverterMethodProcessor [http-nio-8083-exec-9] Using 'application/json', given [application/json] and supported [application/json]
2023-05-20 18:00:25,157 DEBUG org.springframework.core.log.LogFormatUtils [http-nio-8083-exec-9] Writing [springfox.documentation.swagger.web.SecurityConfiguration@5bd25fba]
2023-05-20 18:00:25,159 DEBUG org.springframework.web.servlet.FrameworkServlet [http-nio-8083-exec-9] Completed 200 OK
2023-05-20 18:00:25,175 DEBUG org.springframework.core.log.LogFormatUtils [http-nio-8083-exec-10] GET "/swagger-resources", parameters={}
2023-05-20 18:00:25,177 DEBUG org.springframework.web.servlet.handler.AbstractHandlerMapping [http-nio-8083-exec-10] Mapped to springfox.documentation.swagger.web.ApiResourceController#swaggerResources()
2023-05-20 18:00:25,177 DEBUG org.springframework.web.servlet.mvc.method.annotation.AbstractMessageConverterMethodProcessor [http-nio-8083-exec-10] Using 'application/json', given [application/json] and supported [application/json]
2023-05-20 18:00:25,179 DEBUG org.springframework.core.log.LogFormatUtils [http-nio-8083-exec-10] Writing [[springfox.documentation.swagger.web.SwaggerResource@48a3eba9]]
2023-05-20 18:00:25,181 DEBUG org.springframework.web.servlet.FrameworkServlet [http-nio-8083-exec-10] Completed 200 OK
2023-05-20 18:00:25,220 DEBUG org.springframework.core.log.LogFormatUtils [http-nio-8083-exec-1] GET "/v2/api-docs", parameters={}
2023-05-20 18:00:25,221 DEBUG org.springframework.web.servlet.handler.AbstractHandlerMapping [http-nio-8083-exec-1] Mapped to springfox.documentation.swagger2.web.Swagger2ControllerWebMvc#getDocumentation(String, HttpServletRequest)
2023-05-20 18:00:25,325 DEBUG org.springframework.web.servlet.mvc.method.annotation.AbstractMessageConverterMethodProcessor [http-nio-8083-exec-1] Using 'application/json', given [application/json, */*] and supported [application/json, application/hal+json]
2023-05-20 18:00:25,327 DEBUG org.springframework.core.log.LogFormatUtils [http-nio-8083-exec-1] Writing [springfox.documentation.spring.web.json.Json@73850d70]
2023-05-20 18:00:25,329 DEBUG org.springframework.web.servlet.FrameworkServlet [http-nio-8083-exec-1] Completed 200 OK
2023-05-20 18:00:28,149 DEBUG org.springframework.core.log.LogFormatUtils [http-nio-8083-exec-2] GET "/swagger-ui/", parameters={}
2023-05-20 18:00:28,149 DEBUG org.springframework.web.servlet.handler.AbstractHandlerMapping [http-nio-8083-exec-2] Mapped to ParameterizableViewController [view="forward:/swagger-ui/index.html"]
2023-05-20 18:00:28,150 DEBUG org.springframework.web.servlet.view.ContentNegotiatingViewResolver [http-nio-8083-exec-2] Selected 'text/html' given [text/html, application/xhtml+xml, application/xml;q=0.9, */*;q=0.8]
2023-05-20 18:00:28,150 DEBUG org.springframework.web.servlet.view.AbstractView [http-nio-8083-exec-2] View name 'forward:', model {}
2023-05-20 18:00:28,151 DEBUG org.springframework.web.servlet.view.InternalResourceView [http-nio-8083-exec-2] Forwarding to [/swagger-ui/index.html]
2023-05-20 18:00:28,151 DEBUG org.springframework.core.log.LogFormatUtils [http-nio-8083-exec-2] "FORWARD" dispatch for GET "/swagger-ui/index.html", parameters={}
2023-05-20 18:00:28,151 DEBUG org.springframework.web.servlet.handler.AbstractHandlerMapping [http-nio-8083-exec-2] Mapped to ResourceHttpRequestHandler [Classpath [META-INF/resources/webjars/springfox-swagger-ui/]]
2023-05-20 18:00:28,153 DEBUG org.springframework.web.servlet.FrameworkServlet [http-nio-8083-exec-2] Exiting from "FORWARD" dispatch, status 200
2023-05-20 18:00:28,155 DEBUG org.springframework.web.servlet.FrameworkServlet [http-nio-8083-exec-2] Completed 200 OK
2023-05-20 18:00:32,931 DEBUG org.springframework.core.log.LogFormatUtils [http-nio-8083-exec-7] GET "/swagger-ui/", parameters={}
2023-05-20 18:00:32,932 DEBUG org.springframework.web.servlet.handler.AbstractHandlerMapping [http-nio-8083-exec-7] Mapped to ParameterizableViewController [view="forward:/swagger-ui/index.html"]
2023-05-20 18:00:32,932 DEBUG org.springframework.web.servlet.view.ContentNegotiatingViewResolver [http-nio-8083-exec-7] Selected 'text/html' given [text/html, application/xhtml+xml, application/xml;q=0.9, */*;q=0.8]
2023-05-20 18:00:32,933 DEBUG org.springframework.web.servlet.view.AbstractView [http-nio-8083-exec-7] View name 'forward:', model {}
2023-05-20 18:00:32,933 DEBUG org.springframework.web.servlet.view.InternalResourceView [http-nio-8083-exec-7] Forwarding to [/swagger-ui/index.html]
2023-05-20 18:00:32,933 DEBUG org.springframework.core.log.LogFormatUtils [http-nio-8083-exec-7] "FORWARD" dispatch for GET "/swagger-ui/index.html", parameters={}
2023-05-20 18:00:32,933 DEBUG org.springframework.web.servlet.handler.AbstractHandlerMapping [http-nio-8083-exec-7] Mapped to ResourceHttpRequestHandler [Classpath [META-INF/resources/webjars/springfox-swagger-ui/]]
2023-05-20 18:00:32,936 DEBUG org.springframework.web.servlet.FrameworkServlet [http-nio-8083-exec-7] Exiting from "FORWARD" dispatch, status 200
2023-05-20 18:00:32,937 DEBUG org.springframework.web.servlet.FrameworkServlet [http-nio-8083-exec-7] Completed 200 OK
2023-05-20 18:00:37,120 DEBUG org.springframework.core.log.LogFormatUtils [http-nio-8083-exec-9] GET "/swagger-ui/", parameters={}
2023-05-20 18:00:37,121 DEBUG org.springframework.web.servlet.handler.AbstractHandlerMapping [http-nio-8083-exec-9] Mapped to ParameterizableViewController [view="forward:/swagger-ui/index.html"]
2023-05-20 18:00:37,121 DEBUG org.springframework.web.servlet.view.ContentNegotiatingViewResolver [http-nio-8083-exec-9] Selected 'text/html' given [text/html, application/xhtml+xml, application/xml;q=0.9, */*;q=0.8]
2023-05-20 18:00:37,121 DEBUG org.springframework.web.servlet.view.AbstractView [http-nio-8083-exec-9] View name 'forward:', model {}
2023-05-20 18:00:37,122 DEBUG org.springframework.web.servlet.view.InternalResourceView [http-nio-8083-exec-9] Forwarding to [/swagger-ui/index.html]
2023-05-20 18:00:37,122 DEBUG org.springframework.core.log.LogFormatUtils [http-nio-8083-exec-9] "FORWARD" dispatch for GET "/swagger-ui/index.html", parameters={}
2023-05-20 18:00:37,122 DEBUG org.springframework.web.servlet.handler.AbstractHandlerMapping [http-nio-8083-exec-9] Mapped to ResourceHttpRequestHandler [Classpath [META-INF/resources/webjars/springfox-swagger-ui/]]
2023-05-20 18:00:37,123 DEBUG org.springframework.web.servlet.FrameworkServlet [http-nio-8083-exec-9] Exiting from "FORWARD" dispatch, status 200
2023-05-20 18:00:37,125 DEBUG org.springframework.web.servlet.FrameworkServlet [http-nio-8083-exec-9] Completed 200 OK
2023-05-20 18:11:51,808 DEBUG org.springframework.core.log.LogFormatUtils [http-nio-8083-exec-1] GET "/swagger-ui/", parameters={}
2023-05-20 18:11:51,924 DEBUG org.springframework.web.servlet.handler.AbstractHandlerMapping [http-nio-8083-exec-1] Mapped to ParameterizableViewController [view="forward:/swagger-ui/index.html"]
2023-05-20 18:11:51,986 DEBUG org.springframework.web.servlet.view.ContentNegotiatingViewResolver [http-nio-8083-exec-1] Selected 'text/html' given [text/html, application/xhtml+xml, application/xml;q=0.9, */*;q=0.8]
2023-05-20 18:11:51,992 DEBUG org.springframework.web.servlet.view.AbstractView [http-nio-8083-exec-1] View name 'forward:', model {}
2023-05-20 18:11:51,996 DEBUG org.springframework.web.servlet.view.InternalResourceView [http-nio-8083-exec-1] Forwarding to [/swagger-ui/index.html]
2023-05-20 18:11:51,997 DEBUG org.springframework.core.log.LogFormatUtils [http-nio-8083-exec-1] "FORWARD" dispatch for GET "/swagger-ui/index.html", parameters={}
2023-05-20 18:11:52,006 DEBUG org.springframework.web.servlet.handler.AbstractHandlerMapping [http-nio-8083-exec-1] Mapped to ResourceHttpRequestHandler [Classpath [META-INF/resources/webjars/springfox-swagger-ui/]]
2023-05-20 18:11:52,099 DEBUG org.springframework.web.servlet.FrameworkServlet [http-nio-8083-exec-1] Exiting from "FORWARD" dispatch, status 200
2023-05-20 18:11:52,105 DEBUG org.springframework.web.servlet.FrameworkServlet [http-nio-8083-exec-1] Completed 200 OK
2023-05-20 18:12:01,573 DEBUG org.springframework.core.log.LogFormatUtils [http-nio-8083-exec-2] GET "/swagger-ui/", parameters={}
2023-05-20 18:12:01,574 DEBUG org.springframework.web.servlet.handler.AbstractHandlerMapping [http-nio-8083-exec-2] Mapped to ParameterizableViewController [view="forward:/swagger-ui/index.html"]
2023-05-20 18:12:01,574 DEBUG org.springframework.web.servlet.view.ContentNegotiatingViewResolver [http-nio-8083-exec-2] Selected 'text/html' given [text/html, application/xhtml+xml, application/xml;q=0.9, */*;q=0.8]
2023-05-20 18:12:01,574 DEBUG org.springframework.web.servlet.view.AbstractView [http-nio-8083-exec-2] View name 'forward:', model {}
2023-05-20 18:12:01,574 DEBUG org.springframework.web.servlet.view.InternalResourceView [http-nio-8083-exec-2] Forwarding to [/swagger-ui/index.html]
2023-05-20 18:12:01,574 DEBUG org.springframework.core.log.LogFormatUtils [http-nio-8083-exec-2] "FORWARD" dispatch for GET "/swagger-ui/index.html", parameters={}
2023-05-20 18:12:01,575 DEBUG org.springframework.web.servlet.handler.AbstractHandlerMapping [http-nio-8083-exec-2] Mapped to ResourceHttpRequestHandler [Classpath [META-INF/resources/webjars/springfox-swagger-ui/]]
2023-05-20 18:12:01,579 DEBUG org.springframework.web.servlet.FrameworkServlet [http-nio-8083-exec-2] Exiting from "FORWARD" dispatch, status 200
2023-05-20 18:12:01,580 DEBUG org.springframework.web.servlet.FrameworkServlet [http-nio-8083-exec-2] Completed 200 OK
2023-05-20 18:14:25,451 DEBUG org.springframework.core.log.LogFormatUtils [http-nio-8083-exec-6] POST "/student", parameters={}
2023-05-20 18:14:25,457 DEBUG org.springframework.web.servlet.handler.AbstractHandlerMapping [http-nio-8083-exec-6] Mapped to ma.pfe.controllers.StudentController#save(StudentDTO)
2023-05-20 18:14:25,738 DEBUG org.springframework.core.log.LogFormatUtils [http-nio-8083-exec-6] Read "application/json;charset=UTF-8" to [StudentDTO{studentId=StudentIdDTO{id=10, code='C100'}, name='OMAR', courses=[CourseEntity{id=1, name (truncated)...]
2023-05-20 18:14:25,749 DEBUG ma.pfe.controllers.StudentController [http-nio-8083-exec-6] start method save dto : StudentDTO{studentId=StudentIdDTO{id=10, code='C100'}, name='OMAR', courses=[CourseEntity{id=1, name='JAVA'}, CourseEntity{id=2, name='ANGULAR'}], address=AddressDTO{rue='CASA', avenue='MED V', number='200'}} 
2023-05-20 18:14:25,752 DEBUG ma.pfe.services.StudentServiceImpl [http-nio-8083-exec-6] start method save dto : StudentDTO{studentId=StudentIdDTO{id=10, code='C100'}, name='OMAR', courses=[CourseEntity{id=1, name='JAVA'}, CourseEntity{id=2, name='ANGULAR'}], address=AddressDTO{rue='CASA', avenue='MED V', number='200'}} 
2023-05-20 18:14:25,755 DEBUG ma.pfe.services.StudentServiceImpl [http-nio-8083-exec-6] mapping dto to entity : StudentEntity{studentId=StudentIdEntity{id=10, code='C100'}, name='OMAR', address=Address{rue='CASA', avenue='MED V', number='200'}, courses=[CourseEntity{id=1, name='JAVA'}, CourseEntity{id=2, name='ANGULAR'}]} 
2023-05-20 18:14:26,120 DEBUG org.springframework.web.servlet.mvc.method.annotation.AbstractMessageConverterMethodProcessor [http-nio-8083-exec-6] Using 'application/json', given [*/*] and supported [application/json, application/*+json, application/json, application/*+json]
2023-05-20 18:14:26,121 DEBUG org.springframework.core.log.LogFormatUtils [http-nio-8083-exec-6] Writing [10]
2023-05-20 18:14:26,125 DEBUG org.springframework.web.servlet.FrameworkServlet [http-nio-8083-exec-6] Completed 200 OK
2023-05-20 18:22:35,748 DEBUG org.springframework.core.log.LogFormatUtils [http-nio-8083-exec-4] GET "/swagger-ui/", parameters={}
2023-05-20 18:22:35,749 DEBUG org.springframework.web.servlet.handler.AbstractHandlerMapping [http-nio-8083-exec-4] Mapped to ParameterizableViewController [view="forward:/swagger-ui/index.html"]
2023-05-20 18:22:35,750 DEBUG org.springframework.web.servlet.view.ContentNegotiatingViewResolver [http-nio-8083-exec-4] Selected 'text/html' given [text/html, application/xhtml+xml, application/xml;q=0.9, */*;q=0.8]
2023-05-20 18:22:35,750 DEBUG org.springframework.web.servlet.view.AbstractView [http-nio-8083-exec-4] View name 'forward:', model {}
2023-05-20 18:22:35,751 DEBUG org.springframework.web.servlet.view.InternalResourceView [http-nio-8083-exec-4] Forwarding to [/swagger-ui/index.html]
2023-05-20 18:22:35,751 DEBUG org.springframework.core.log.LogFormatUtils [http-nio-8083-exec-4] "FORWARD" dispatch for GET "/swagger-ui/index.html", parameters={}
2023-05-20 18:22:35,752 DEBUG org.springframework.web.servlet.handler.AbstractHandlerMapping [http-nio-8083-exec-4] Mapped to ResourceHttpRequestHandler [Classpath [META-INF/resources/webjars/springfox-swagger-ui/]]
2023-05-20 18:22:35,761 DEBUG org.springframework.web.servlet.FrameworkServlet [http-nio-8083-exec-4] Exiting from "FORWARD" dispatch, status 200
2023-05-20 18:22:35,761 DEBUG org.springframework.web.servlet.FrameworkServlet [http-nio-8083-exec-4] Completed 200 OK
2023-05-20 18:22:39,313 DEBUG org.springframework.core.log.LogFormatUtils [http-nio-8083-exec-5] GET "/swagger-ui/", parameters={}
2023-05-20 18:22:39,314 DEBUG org.springframework.web.servlet.handler.AbstractHandlerMapping [http-nio-8083-exec-5] Mapped to ParameterizableViewController [view="forward:/swagger-ui/index.html"]
2023-05-20 18:22:39,314 DEBUG org.springframework.web.servlet.view.ContentNegotiatingViewResolver [http-nio-8083-exec-5] Selected 'text/html' given [text/html, application/xhtml+xml, application/xml;q=0.9, */*;q=0.8]
2023-05-20 18:22:39,314 DEBUG org.springframework.web.servlet.view.AbstractView [http-nio-8083-exec-5] View name 'forward:', model {}
2023-05-20 18:22:39,314 DEBUG org.springframework.web.servlet.view.InternalResourceView [http-nio-8083-exec-5] Forwarding to [/swagger-ui/index.html]
2023-05-20 18:22:39,314 DEBUG org.springframework.core.log.LogFormatUtils [http-nio-8083-exec-5] "FORWARD" dispatch for GET "/swagger-ui/index.html", parameters={}
2023-05-20 18:22:39,317 DEBUG org.springframework.web.servlet.handler.AbstractHandlerMapping [http-nio-8083-exec-5] Mapped to ResourceHttpRequestHandler [Classpath [META-INF/resources/webjars/springfox-swagger-ui/]]
2023-05-20 18:22:39,321 DEBUG org.springframework.web.servlet.FrameworkServlet [http-nio-8083-exec-5] Exiting from "FORWARD" dispatch, status 200
2023-05-20 18:22:39,321 DEBUG org.springframework.web.servlet.FrameworkServlet [http-nio-8083-exec-5] Completed 200 OK
2023-05-20 18:22:43,420 DEBUG org.springframework.core.log.LogFormatUtils [http-nio-8083-exec-8] GET "/swagger-ui/", parameters={}
2023-05-20 18:22:43,420 DEBUG org.springframework.web.servlet.handler.AbstractHandlerMapping [http-nio-8083-exec-8] Mapped to ParameterizableViewController [view="forward:/swagger-ui/index.html"]
2023-05-20 18:22:43,420 DEBUG org.springframework.web.servlet.view.ContentNegotiatingViewResolver [http-nio-8083-exec-8] Selected 'text/html' given [text/html, application/xhtml+xml, application/xml;q=0.9, */*;q=0.8]
2023-05-20 18:22:43,420 DEBUG org.springframework.web.servlet.view.AbstractView [http-nio-8083-exec-8] View name 'forward:', model {}
2023-05-20 18:22:43,420 DEBUG org.springframework.web.servlet.view.InternalResourceView [http-nio-8083-exec-8] Forwarding to [/swagger-ui/index.html]
2023-05-20 18:22:43,423 DEBUG org.springframework.core.log.LogFormatUtils [http-nio-8083-exec-8] "FORWARD" dispatch for GET "/swagger-ui/index.html", parameters={}
2023-05-20 18:22:43,423 DEBUG org.springframework.web.servlet.handler.AbstractHandlerMapping [http-nio-8083-exec-8] Mapped to ResourceHttpRequestHandler [Classpath [META-INF/resources/webjars/springfox-swagger-ui/]]
2023-05-20 18:22:43,428 DEBUG org.springframework.web.servlet.FrameworkServlet [http-nio-8083-exec-8] Exiting from "FORWARD" dispatch, status 200
2023-05-20 18:22:43,428 DEBUG org.springframework.web.servlet.FrameworkServlet [http-nio-8083-exec-8] Completed 200 OK
2023-05-20 18:22:57,231 DEBUG org.springframework.core.log.LogFormatUtils [http-nio-8083-exec-7] GET "/student/10/C100", parameters={}
2023-05-20 18:22:57,241 DEBUG org.springframework.web.servlet.handler.AbstractHandlerMapping [http-nio-8083-exec-7] Mapped to ma.pfe.controllers.StudentController#selectById(long, String)
2023-05-20 18:22:57,303 DEBUG ma.pfe.controllers.StudentController [http-nio-8083-exec-7] start method select by id 10, codeC100
2023-05-20 18:22:57,303 DEBUG ma.pfe.services.StudentServiceImpl [http-nio-8083-exec-7] start method find by id : StudentIdDTO{id=10, code='C100'} 
2023-05-20 18:22:57,418 DEBUG org.springframework.web.servlet.mvc.method.annotation.AbstractMessageConverterMethodProcessor [http-nio-8083-exec-7] Using 'application/json', given [*/*] and supported [application/json, application/*+json, application/json, application/*+json]
2023-05-20 18:22:57,418 DEBUG org.springframework.core.log.LogFormatUtils [http-nio-8083-exec-7] Writing [StudentDTO{studentId=StudentIdDTO{id=10, code='C100'}, name='OMAR', courses=[CourseEntity{id=1, name (truncated)...]
2023-05-20 18:22:57,428 DEBUG org.springframework.web.servlet.FrameworkServlet [http-nio-8083-exec-7] Completed 200 OK
2023-05-20 18:26:45,330 INFO org.springframework.orm.jpa.AbstractEntityManagerFactoryBean [SpringApplicationShutdownHook] Closing JPA EntityManagerFactory for persistence unit 'default'
2023-05-20 18:26:45,367 INFO com.zaxxer.hikari.HikariDataSource [SpringApplicationShutdownHook] HikariPool-1 - Shutdown initiated...
2023-05-20 18:26:45,427 INFO com.zaxxer.hikari.HikariDataSource [SpringApplicationShutdownHook] HikariPool-1 - Shutdown completed.
2023-05-20 18:27:21,354 INFO org.springframework.boot.StartupInfoLogger [main] Starting PFEApplication using Java 1.8.0_362 on LAPTOP-B3SK61G6 with PID 9632 (C:\Users\badrm\IdeaProjects\PFEProject\target\classes started by badrm in C:\Users\badrm\IdeaProjects\PFEProject)
2023-05-20 18:27:21,361 DEBUG org.springframework.boot.StartupInfoLogger [main] Running with Spring Boot v2.5.3, Spring v5.3.9
2023-05-20 18:27:21,361 INFO org.springframework.boot.SpringApplication [main] The following profiles are active: dev
2023-05-20 18:27:22,451 INFO org.springframework.data.repository.config.RepositoryConfigurationDelegate [main] Bootstrapping Spring Data JPA repositories in DEFAULT mode.
2023-05-20 18:27:22,546 INFO org.springframework.data.repository.config.RepositoryConfigurationDelegate [main] Finished Spring Data repository scanning in 83 ms. Found 1 JPA repository interfaces.
2023-05-20 18:27:23,648 INFO org.springframework.boot.web.embedded.tomcat.TomcatWebServer [main] Tomcat initialized with port(s): 8083 (http)
2023-05-20 18:27:23,663 INFO org.apache.juli.logging.DirectJDKLog [main] Initializing ProtocolHandler ["http-nio-8083"]
2023-05-20 18:27:23,664 INFO org.apache.juli.logging.DirectJDKLog [main] Starting service [Tomcat]
2023-05-20 18:27:23,664 INFO org.apache.juli.logging.DirectJDKLog [main] Starting Servlet engine: [Apache Tomcat/9.0.50]
2023-05-20 18:27:23,767 INFO org.apache.juli.logging.DirectJDKLog [main] Initializing Spring embedded WebApplicationContext
2023-05-20 18:27:23,769 INFO org.springframework.boot.web.servlet.context.ServletWebServerApplicationContext [main] Root WebApplicationContext: initialization completed in 2341 ms
2023-05-20 18:27:24,585 INFO com.zaxxer.hikari.HikariDataSource [main] HikariPool-1 - Starting...
2023-05-20 18:27:24,750 INFO com.zaxxer.hikari.HikariDataSource [main] HikariPool-1 - Start completed.
2023-05-20 18:27:25,931 INFO org.springframework.orm.jpa.AbstractEntityManagerFactoryBean [main] Initialized JPA EntityManagerFactory for persistence unit 'default'
2023-05-20 18:27:26,563 DEBUG org.springframework.web.servlet.handler.AbstractHandlerMethodMapping [main] 12 mappings in 'requestMappingHandlerMapping'
2023-05-20 18:27:26,853 DEBUG org.springframework.web.servlet.mvc.method.annotation.RequestMappingHandlerAdapter [main] ControllerAdvice beans: 0 @ModelAttribute, 0 @InitBinder, 1 RequestBodyAdvice, 1 ResponseBodyAdvice
2023-05-20 18:27:27,034 DEBUG org.springframework.web.servlet.handler.SimpleUrlHandlerMapping [main] Patterns [/swagger-ui/] in 'viewControllerHandlerMapping'
2023-05-20 18:27:27,056 DEBUG org.springframework.web.servlet.handler.SimpleUrlHandlerMapping [main] Patterns [/webjars/**, /**, /swagger-ui/**] in 'resourceHandlerMapping'
2023-05-20 18:27:27,068 DEBUG org.springframework.web.servlet.mvc.method.annotation.ExceptionHandlerExceptionResolver [main] ControllerAdvice beans: 0 @ExceptionHandler, 1 ResponseBodyAdvice
2023-05-20 18:27:27,202 INFO org.apache.juli.logging.DirectJDKLog [main] Starting ProtocolHandler ["http-nio-8083"]
2023-05-20 18:27:27,232 INFO org.springframework.boot.web.embedded.tomcat.TomcatWebServer [main] Tomcat started on port(s): 8083 (http) with context path ''
2023-05-20 18:27:27,563 INFO org.springframework.boot.StartupInfoLogger [main] Started PFEApplication in 6.796 seconds (JVM running for 7.721)
2023-05-20 18:27:27,568 INFO ma.pfe.PFEApplication [main] Access URLs:
----------------------------------------------------------
	Local: 		http://127.0.0.1:8083/swagger-ui/#/
	External: 	http://192.168.1.5:8083/swagger-ui/#/
----------------------------------------------------------
2023-05-20 18:27:51,006 INFO org.apache.juli.logging.DirectJDKLog [http-nio-8083-exec-1] Initializing Spring DispatcherServlet 'dispatcherServlet'
2023-05-20 18:27:51,006 INFO org.springframework.web.servlet.FrameworkServlet [http-nio-8083-exec-1] Initializing Servlet 'dispatcherServlet'
2023-05-20 18:27:51,007 DEBUG org.springframework.web.servlet.DispatcherServlet [http-nio-8083-exec-1] Detected StandardServletMultipartResolver
2023-05-20 18:27:51,007 DEBUG org.springframework.web.servlet.DispatcherServlet [http-nio-8083-exec-1] Detected AcceptHeaderLocaleResolver
2023-05-20 18:27:51,007 DEBUG org.springframework.web.servlet.DispatcherServlet [http-nio-8083-exec-1] Detected FixedThemeResolver
2023-05-20 18:27:51,010 DEBUG org.springframework.web.servlet.DispatcherServlet [http-nio-8083-exec-1] Detected org.springframework.web.servlet.view.DefaultRequestToViewNameTranslator@2833c093
2023-05-20 18:27:51,010 DEBUG org.springframework.web.servlet.DispatcherServlet [http-nio-8083-exec-1] Detected org.springframework.web.servlet.support.SessionFlashMapManager@78bd02c8
2023-05-20 18:27:51,010 DEBUG org.springframework.web.servlet.FrameworkServlet [http-nio-8083-exec-1] enableLoggingRequestDetails='false': request parameters and headers will be masked to prevent unsafe logging of potentially sensitive data
2023-05-20 18:27:51,010 INFO org.springframework.web.servlet.FrameworkServlet [http-nio-8083-exec-1] Completed initialization in 3 ms
2023-05-20 18:27:51,023 DEBUG org.springframework.core.log.LogFormatUtils [http-nio-8083-exec-1] GET "/swagger-ui/", parameters={}
2023-05-20 18:27:51,030 DEBUG org.springframework.web.servlet.handler.AbstractHandlerMapping [http-nio-8083-exec-1] Mapped to ParameterizableViewController [view="forward:/swagger-ui/index.html"]
2023-05-20 18:27:51,038 DEBUG org.springframework.web.servlet.view.ContentNegotiatingViewResolver [http-nio-8083-exec-1] Selected 'text/html' given [text/html, application/xhtml+xml, image/avif, image/webp, image/apng, application/xml;q=0.9, application/signed-exchange;v=b3;q=0.7, */*;q=0.8]
2023-05-20 18:27:51,039 DEBUG org.springframework.web.servlet.view.AbstractView [http-nio-8083-exec-1] View name 'forward:', model {}
2023-05-20 18:27:51,040 DEBUG org.springframework.web.servlet.view.InternalResourceView [http-nio-8083-exec-1] Forwarding to [/swagger-ui/index.html]
2023-05-20 18:27:51,047 DEBUG org.springframework.core.log.LogFormatUtils [http-nio-8083-exec-1] "FORWARD" dispatch for GET "/swagger-ui/index.html", parameters={}
2023-05-20 18:27:51,048 DEBUG org.springframework.web.servlet.handler.AbstractHandlerMapping [http-nio-8083-exec-1] Mapped to ResourceHttpRequestHandler [Classpath [META-INF/resources/webjars/springfox-swagger-ui/]]
2023-05-20 18:27:51,055 DEBUG org.springframework.web.servlet.FrameworkServlet [http-nio-8083-exec-1] Exiting from "FORWARD" dispatch, status 304
2023-05-20 18:27:51,055 DEBUG org.springframework.web.servlet.FrameworkServlet [http-nio-8083-exec-1] Completed 304 NOT_MODIFIED
2023-05-20 18:27:51,500 DEBUG org.springframework.core.log.LogFormatUtils [http-nio-8083-exec-2] GET "/swagger-resources/configuration/ui", parameters={}
2023-05-20 18:27:51,503 DEBUG org.springframework.web.servlet.handler.AbstractHandlerMapping [http-nio-8083-exec-2] Mapped to springfox.documentation.swagger.web.ApiResourceController#uiConfiguration()
2023-05-20 18:27:51,526 DEBUG org.springframework.web.servlet.mvc.method.annotation.AbstractMessageConverterMethodProcessor [http-nio-8083-exec-2] Using 'application/json', given [application/json] and supported [application/json]
2023-05-20 18:27:51,563 DEBUG org.springframework.core.log.LogFormatUtils [http-nio-8083-exec-2] Writing [springfox.documentation.swagger.web.UiConfiguration@17160e35]
2023-05-20 18:27:51,585 DEBUG org.springframework.web.servlet.FrameworkServlet [http-nio-8083-exec-2] Completed 200 OK
2023-05-20 18:27:51,608 DEBUG org.springframework.core.log.LogFormatUtils [http-nio-8083-exec-3] GET "/swagger-resources/configuration/security", parameters={}
2023-05-20 18:27:51,609 DEBUG org.springframework.web.servlet.handler.AbstractHandlerMapping [http-nio-8083-exec-3] Mapped to springfox.documentation.swagger.web.ApiResourceController#securityConfiguration()
2023-05-20 18:27:51,610 DEBUG org.springframework.web.servlet.mvc.method.annotation.AbstractMessageConverterMethodProcessor [http-nio-8083-exec-3] Using 'application/json', given [application/json] and supported [application/json]
2023-05-20 18:27:51,614 DEBUG org.springframework.core.log.LogFormatUtils [http-nio-8083-exec-3] Writing [springfox.documentation.swagger.web.SecurityConfiguration@64fdcda1]
2023-05-20 18:27:51,615 DEBUG org.springframework.web.servlet.FrameworkServlet [http-nio-8083-exec-3] Completed 200 OK
2023-05-20 18:27:51,631 DEBUG org.springframework.core.log.LogFormatUtils [http-nio-8083-exec-4] GET "/swagger-resources", parameters={}
2023-05-20 18:27:51,632 DEBUG org.springframework.web.servlet.handler.AbstractHandlerMapping [http-nio-8083-exec-4] Mapped to springfox.documentation.swagger.web.ApiResourceController#swaggerResources()
2023-05-20 18:27:51,634 DEBUG org.springframework.web.servlet.mvc.method.annotation.AbstractMessageConverterMethodProcessor [http-nio-8083-exec-4] Using 'application/json', given [application/json] and supported [application/json]
2023-05-20 18:27:51,636 DEBUG org.springframework.core.log.LogFormatUtils [http-nio-8083-exec-4] Writing [[springfox.documentation.swagger.web.SwaggerResource@6a85826a]]
2023-05-20 18:27:51,639 DEBUG org.springframework.web.servlet.FrameworkServlet [http-nio-8083-exec-4] Completed 200 OK
2023-05-20 18:27:51,699 DEBUG org.springframework.core.log.LogFormatUtils [http-nio-8083-exec-5] GET "/v2/api-docs", parameters={}
2023-05-20 18:27:51,699 DEBUG org.springframework.web.servlet.handler.AbstractHandlerMapping [http-nio-8083-exec-5] Mapped to springfox.documentation.swagger2.web.Swagger2ControllerWebMvc#getDocumentation(String, HttpServletRequest)
2023-05-20 18:27:51,873 DEBUG org.springframework.web.servlet.mvc.method.annotation.AbstractMessageConverterMethodProcessor [http-nio-8083-exec-5] Using 'application/json', given [application/json, */*] and supported [application/json, application/hal+json]
2023-05-20 18:27:51,876 DEBUG org.springframework.core.log.LogFormatUtils [http-nio-8083-exec-5] Writing [springfox.documentation.spring.web.json.Json@181e896e]
2023-05-20 18:27:51,879 DEBUG org.springframework.web.servlet.FrameworkServlet [http-nio-8083-exec-5] Completed 200 OK
2023-05-20 18:28:16,525 DEBUG org.springframework.core.log.LogFormatUtils [http-nio-8083-exec-8] POST "/student", parameters={}
2023-05-20 18:28:16,525 DEBUG org.springframework.web.servlet.handler.AbstractHandlerMapping [http-nio-8083-exec-8] Mapped to ma.pfe.controllers.StudentController#save(StudentDTO)
2023-05-20 18:28:16,563 DEBUG org.springframework.core.log.LogFormatUtils [http-nio-8083-exec-8] Read "application/json;charset=UTF-8" to [StudentDTO{studentId=StudentIdDTO{id=10, code='C100'}, name='OMAR', courses=[CourseEntity{id=1, name (truncated)...]
2023-05-20 18:28:16,565 DEBUG ma.pfe.controllers.StudentController [http-nio-8083-exec-8] start method save dto : StudentDTO{studentId=StudentIdDTO{id=10, code='C100'}, name='OMAR', courses=[CourseEntity{id=1, name='JAVA'}, CourseEntity{id=2, name='ANGULAR'}], address=AddressDTO{rue='CASA', avenue='MED V', number='200'}} 
2023-05-20 18:28:16,566 DEBUG ma.pfe.services.StudentServiceImpl [http-nio-8083-exec-8] start method save dto : StudentDTO{studentId=StudentIdDTO{id=10, code='C100'}, name='OMAR', courses=[CourseEntity{id=1, name='JAVA'}, CourseEntity{id=2, name='ANGULAR'}], address=AddressDTO{rue='CASA', avenue='MED V', number='200'}} 
2023-05-20 18:28:16,566 DEBUG ma.pfe.services.StudentServiceImpl [http-nio-8083-exec-8] mapping dto to entity : StudentEntity{studentId=StudentIdEntity{id=10, code='C100'}, name='OMAR', address=Address{rue='CASA', avenue='MED V', number='200'}, courses=[CourseEntity{id=1, name='JAVA'}, CourseEntity{id=2, name='ANGULAR'}]} 
2023-05-20 18:28:16,747 DEBUG org.springframework.web.servlet.mvc.method.annotation.AbstractMessageConverterMethodProcessor [http-nio-8083-exec-8] Using 'application/json', given [*/*] and supported [application/json, application/*+json, application/json, application/*+json]
2023-05-20 18:28:16,747 DEBUG org.springframework.core.log.LogFormatUtils [http-nio-8083-exec-8] Writing [10]
2023-05-20 18:28:16,753 DEBUG org.springframework.web.servlet.FrameworkServlet [http-nio-8083-exec-8] Completed 200 OK
2023-05-20 18:28:48,541 DEBUG org.springframework.core.log.LogFormatUtils [http-nio-8083-exec-10] GET "/student/10/C100", parameters={}
2023-05-20 18:28:48,544 DEBUG org.springframework.web.servlet.handler.AbstractHandlerMapping [http-nio-8083-exec-10] Mapped to ma.pfe.controllers.StudentController#selectById(long, String)
2023-05-20 18:28:48,554 DEBUG ma.pfe.controllers.StudentController [http-nio-8083-exec-10] start method select by id 10, codeC100
2023-05-20 18:28:48,554 DEBUG ma.pfe.services.StudentServiceImpl [http-nio-8083-exec-10] start method find by id : StudentIdDTO{id=10, code='C100'} 
2023-05-20 18:28:48,577 DEBUG org.springframework.web.servlet.mvc.method.annotation.AbstractMessageConverterMethodProcessor [http-nio-8083-exec-10] Using 'application/json', given [*/*] and supported [application/json, application/*+json, application/json, application/*+json]
2023-05-20 18:28:48,577 DEBUG org.springframework.core.log.LogFormatUtils [http-nio-8083-exec-10] Writing [StudentDTO{studentId=StudentIdDTO{id=10, code='C100'}, name='OMAR', courses=[CourseEntity{id=1, name (truncated)...]
2023-05-20 18:28:48,579 DEBUG org.springframework.web.servlet.FrameworkServlet [http-nio-8083-exec-10] Completed 200 OK
2023-05-20 18:29:23,842 DEBUG org.springframework.core.log.LogFormatUtils [http-nio-8083-exec-2] GET "/student/10/C100", parameters={}
2023-05-20 18:29:23,842 DEBUG org.springframework.web.servlet.handler.AbstractHandlerMapping [http-nio-8083-exec-2] Mapped to ma.pfe.controllers.StudentController#selectById(long, String)
2023-05-20 18:29:23,843 DEBUG ma.pfe.controllers.StudentController [http-nio-8083-exec-2] start method select by id 10, codeC100
2023-05-20 18:29:23,843 DEBUG ma.pfe.services.StudentServiceImpl [http-nio-8083-exec-2] start method find by id : StudentIdDTO{id=10, code='C100'} 
2023-05-20 18:29:23,847 DEBUG org.springframework.web.servlet.mvc.method.annotation.AbstractMessageConverterMethodProcessor [http-nio-8083-exec-2] Using 'application/json', given [*/*] and supported [application/json, application/*+json, application/json, application/*+json]
2023-05-20 18:29:23,848 DEBUG org.springframework.core.log.LogFormatUtils [http-nio-8083-exec-2] Writing [StudentDTO{studentId=StudentIdDTO{id=10, code='C100'}, name='OMAR', courses=[CourseEntity{id=1, name (truncated)...]
2023-05-20 18:29:23,849 DEBUG org.springframework.web.servlet.FrameworkServlet [http-nio-8083-exec-2] Completed 200 OK
2023-05-20 18:38:08,172 INFO org.springframework.orm.jpa.AbstractEntityManagerFactoryBean [SpringApplicationShutdownHook] Closing JPA EntityManagerFactory for persistence unit 'default'
2023-05-20 18:38:08,184 INFO com.zaxxer.hikari.HikariDataSource [SpringApplicationShutdownHook] HikariPool-1 - Shutdown initiated...
2023-05-20 18:38:08,213 INFO com.zaxxer.hikari.HikariDataSource [SpringApplicationShutdownHook] HikariPool-1 - Shutdown completed.
2023-05-20 18:38:13,261 INFO org.springframework.boot.StartupInfoLogger [main] Starting PFEApplication using Java 1.8.0_362 on LAPTOP-B3SK61G6 with PID 22704 (C:\Users\badrm\IdeaProjects\PFEProject\target\classes started by badrm in C:\Users\badrm\IdeaProjects\PFEProject)
2023-05-20 18:38:13,263 DEBUG org.springframework.boot.StartupInfoLogger [main] Running with Spring Boot v2.5.3, Spring v5.3.9
2023-05-20 18:38:13,264 INFO org.springframework.boot.SpringApplication [main] The following profiles are active: dev
2023-05-20 18:38:14,210 INFO org.springframework.data.repository.config.RepositoryConfigurationDelegate [main] Bootstrapping Spring Data JPA repositories in DEFAULT mode.
2023-05-20 18:38:14,281 INFO org.springframework.data.repository.config.RepositoryConfigurationDelegate [main] Finished Spring Data repository scanning in 60 ms. Found 1 JPA repository interfaces.
2023-05-20 18:38:15,255 INFO org.springframework.boot.web.embedded.tomcat.TomcatWebServer [main] Tomcat initialized with port(s): 8083 (http)
2023-05-20 18:38:15,269 INFO org.apache.juli.logging.DirectJDKLog [main] Initializing ProtocolHandler ["http-nio-8083"]
2023-05-20 18:38:15,270 INFO org.apache.juli.logging.DirectJDKLog [main] Starting service [Tomcat]
2023-05-20 18:38:15,270 INFO org.apache.juli.logging.DirectJDKLog [main] Starting Servlet engine: [Apache Tomcat/9.0.50]
2023-05-20 18:38:15,381 INFO org.apache.juli.logging.DirectJDKLog [main] Initializing Spring embedded WebApplicationContext
2023-05-20 18:38:15,381 INFO org.springframework.boot.web.servlet.context.ServletWebServerApplicationContext [main] Root WebApplicationContext: initialization completed in 2073 ms
2023-05-20 18:38:16,178 INFO com.zaxxer.hikari.HikariDataSource [main] HikariPool-1 - Starting...
2023-05-20 18:38:16,343 INFO com.zaxxer.hikari.HikariDataSource [main] HikariPool-1 - Start completed.
2023-05-20 18:38:17,782 INFO org.springframework.orm.jpa.AbstractEntityManagerFactoryBean [main] Initialized JPA EntityManagerFactory for persistence unit 'default'
2023-05-20 18:38:18,642 DEBUG org.springframework.web.servlet.handler.AbstractHandlerMethodMapping [main] 12 mappings in 'requestMappingHandlerMapping'
2023-05-20 18:38:18,847 DEBUG org.springframework.web.servlet.mvc.method.annotation.RequestMappingHandlerAdapter [main] ControllerAdvice beans: 0 @ModelAttribute, 0 @InitBinder, 1 RequestBodyAdvice, 1 ResponseBodyAdvice
2023-05-20 18:38:19,032 DEBUG org.springframework.web.servlet.handler.SimpleUrlHandlerMapping [main] Patterns [/swagger-ui/] in 'viewControllerHandlerMapping'
2023-05-20 18:38:19,052 DEBUG org.springframework.web.servlet.handler.SimpleUrlHandlerMapping [main] Patterns [/webjars/**, /**, /swagger-ui/**] in 'resourceHandlerMapping'
2023-05-20 18:38:19,057 DEBUG org.springframework.web.servlet.mvc.method.annotation.ExceptionHandlerExceptionResolver [main] ControllerAdvice beans: 0 @ExceptionHandler, 1 ResponseBodyAdvice
2023-05-20 18:38:19,142 INFO org.apache.juli.logging.DirectJDKLog [main] Starting ProtocolHandler ["http-nio-8083"]
2023-05-20 18:38:19,162 INFO org.springframework.boot.web.embedded.tomcat.TomcatWebServer [main] Tomcat started on port(s): 8083 (http) with context path ''
2023-05-20 18:38:19,407 INFO org.springframework.boot.StartupInfoLogger [main] Started PFEApplication in 6.679 seconds (JVM running for 7.508)
2023-05-20 18:38:19,412 INFO ma.pfe.PFEApplication [main] Access URLs:
----------------------------------------------------------
	Local: 		http://127.0.0.1:8083/swagger-ui/#/
	External: 	http://192.168.1.5:8083/swagger-ui/#/
----------------------------------------------------------
2023-05-20 18:38:33,554 INFO org.apache.juli.logging.DirectJDKLog [http-nio-8083-exec-1] Initializing Spring DispatcherServlet 'dispatcherServlet'
2023-05-20 18:38:33,559 INFO org.springframework.web.servlet.FrameworkServlet [http-nio-8083-exec-1] Initializing Servlet 'dispatcherServlet'
2023-05-20 18:38:33,559 DEBUG org.springframework.web.servlet.DispatcherServlet [http-nio-8083-exec-1] Detected StandardServletMultipartResolver
2023-05-20 18:38:33,559 DEBUG org.springframework.web.servlet.DispatcherServlet [http-nio-8083-exec-1] Detected AcceptHeaderLocaleResolver
2023-05-20 18:38:33,559 DEBUG org.springframework.web.servlet.DispatcherServlet [http-nio-8083-exec-1] Detected FixedThemeResolver
2023-05-20 18:38:33,559 DEBUG org.springframework.web.servlet.DispatcherServlet [http-nio-8083-exec-1] Detected org.springframework.web.servlet.view.DefaultRequestToViewNameTranslator@22429a11
2023-05-20 18:38:33,559 DEBUG org.springframework.web.servlet.DispatcherServlet [http-nio-8083-exec-1] Detected org.springframework.web.servlet.support.SessionFlashMapManager@49a06087
2023-05-20 18:38:33,559 DEBUG org.springframework.web.servlet.FrameworkServlet [http-nio-8083-exec-1] enableLoggingRequestDetails='false': request parameters and headers will be masked to prevent unsafe logging of potentially sensitive data
2023-05-20 18:38:33,559 INFO org.springframework.web.servlet.FrameworkServlet [http-nio-8083-exec-1] Completed initialization in 0 ms
2023-05-20 18:38:33,574 DEBUG org.springframework.core.log.LogFormatUtils [http-nio-8083-exec-1] GET "/swagger-ui/", parameters={}
2023-05-20 18:38:33,579 DEBUG org.springframework.web.servlet.handler.AbstractHandlerMapping [http-nio-8083-exec-1] Mapped to ParameterizableViewController [view="forward:/swagger-ui/index.html"]
2023-05-20 18:38:33,584 DEBUG org.springframework.web.servlet.view.ContentNegotiatingViewResolver [http-nio-8083-exec-1] Selected 'text/html' given [text/html, application/xhtml+xml, image/avif, image/webp, image/apng, application/xml;q=0.9, application/signed-exchange;v=b3;q=0.7, */*;q=0.8]
2023-05-20 18:38:33,584 DEBUG org.springframework.web.servlet.view.AbstractView [http-nio-8083-exec-1] View name 'forward:', model {}
2023-05-20 18:38:33,584 DEBUG org.springframework.web.servlet.view.InternalResourceView [http-nio-8083-exec-1] Forwarding to [/swagger-ui/index.html]
2023-05-20 18:38:33,589 DEBUG org.springframework.core.log.LogFormatUtils [http-nio-8083-exec-1] "FORWARD" dispatch for GET "/swagger-ui/index.html", parameters={}
2023-05-20 18:38:33,589 DEBUG org.springframework.web.servlet.handler.AbstractHandlerMapping [http-nio-8083-exec-1] Mapped to ResourceHttpRequestHandler [Classpath [META-INF/resources/webjars/springfox-swagger-ui/]]
2023-05-20 18:38:33,604 DEBUG org.springframework.web.servlet.FrameworkServlet [http-nio-8083-exec-1] Exiting from "FORWARD" dispatch, status 200
2023-05-20 18:38:33,609 DEBUG org.springframework.web.servlet.FrameworkServlet [http-nio-8083-exec-1] Completed 200 OK
2023-05-20 18:38:33,689 DEBUG org.springframework.core.log.LogFormatUtils [http-nio-8083-exec-4] GET "/swagger-ui/swagger-ui.css?v=3.0.0", parameters={masked}
2023-05-20 18:38:33,689 DEBUG org.springframework.core.log.LogFormatUtils [http-nio-8083-exec-3] GET "/swagger-ui/springfox.css?v=3.0.0", parameters={masked}
2023-05-20 18:38:33,694 DEBUG org.springframework.web.servlet.handler.AbstractHandlerMapping [http-nio-8083-exec-3] Mapped to ResourceHttpRequestHandler [Classpath [META-INF/resources/webjars/springfox-swagger-ui/]]
2023-05-20 18:38:33,694 DEBUG org.springframework.web.servlet.handler.AbstractHandlerMapping [http-nio-8083-exec-4] Mapped to ResourceHttpRequestHandler [Classpath [META-INF/resources/webjars/springfox-swagger-ui/]]
2023-05-20 18:38:33,694 DEBUG org.springframework.core.log.LogFormatUtils [http-nio-8083-exec-2] GET "/swagger-ui/swagger-ui-bundle.js?v=3.0.0", parameters={masked}
2023-05-20 18:38:33,694 DEBUG org.springframework.core.log.LogFormatUtils [http-nio-8083-exec-6] GET "/swagger-ui/springfox.js?v=3.0.0", parameters={masked}
2023-05-20 18:38:33,694 DEBUG org.springframework.core.log.LogFormatUtils [http-nio-8083-exec-5] GET "/swagger-ui/swagger-ui-standalone-preset.js?v=3.0.0", parameters={masked}
2023-05-20 18:38:33,694 DEBUG org.springframework.web.servlet.handler.AbstractHandlerMapping [http-nio-8083-exec-2] Mapped to ResourceHttpRequestHandler [Classpath [META-INF/resources/webjars/springfox-swagger-ui/]]
2023-05-20 18:38:33,694 DEBUG org.springframework.web.servlet.handler.AbstractHandlerMapping [http-nio-8083-exec-6] Mapped to ResourceHttpRequestHandler [Classpath [META-INF/resources/webjars/springfox-swagger-ui/]]
2023-05-20 18:38:33,694 DEBUG org.springframework.web.servlet.handler.AbstractHandlerMapping [http-nio-8083-exec-5] Mapped to ResourceHttpRequestHandler [Classpath [META-INF/resources/webjars/springfox-swagger-ui/]]
2023-05-20 18:38:33,704 DEBUG org.springframework.web.servlet.FrameworkServlet [http-nio-8083-exec-3] Completed 200 OK
2023-05-20 18:38:33,719 DEBUG org.springframework.web.servlet.FrameworkServlet [http-nio-8083-exec-4] Completed 200 OK
2023-05-20 18:38:33,724 DEBUG org.springframework.web.servlet.FrameworkServlet [http-nio-8083-exec-6] Completed 200 OK
2023-05-20 18:38:33,729 DEBUG org.springframework.web.servlet.FrameworkServlet [http-nio-8083-exec-5] Completed 200 OK
2023-05-20 18:38:33,746 DEBUG org.springframework.web.servlet.FrameworkServlet [http-nio-8083-exec-2] Completed 200 OK
2023-05-20 18:38:34,120 DEBUG org.springframework.core.log.LogFormatUtils [http-nio-8083-exec-7] GET "/swagger-resources/configuration/ui", parameters={}
2023-05-20 18:38:34,120 DEBUG org.springframework.web.servlet.handler.AbstractHandlerMapping [http-nio-8083-exec-7] Mapped to springfox.documentation.swagger.web.ApiResourceController#uiConfiguration()
2023-05-20 18:38:34,125 DEBUG org.springframework.core.log.LogFormatUtils [http-nio-8083-exec-9] GET "/swagger-ui/favicon-32x32.png?v=3.0.0", parameters={masked}
2023-05-20 18:38:34,125 DEBUG org.springframework.web.servlet.handler.AbstractHandlerMapping [http-nio-8083-exec-9] Mapped to ResourceHttpRequestHandler [Classpath [META-INF/resources/webjars/springfox-swagger-ui/]]
2023-05-20 18:38:34,130 DEBUG org.springframework.web.servlet.FrameworkServlet [http-nio-8083-exec-9] Completed 200 OK
2023-05-20 18:38:34,140 DEBUG org.springframework.web.servlet.mvc.method.annotation.AbstractMessageConverterMethodProcessor [http-nio-8083-exec-7] Using 'application/json', given [application/json] and supported [application/json]
2023-05-20 18:38:34,165 DEBUG org.springframework.core.log.LogFormatUtils [http-nio-8083-exec-7] Writing [springfox.documentation.swagger.web.UiConfiguration@2dad587f]
2023-05-20 18:38:34,175 DEBUG org.springframework.web.servlet.FrameworkServlet [http-nio-8083-exec-7] Completed 200 OK
2023-05-20 18:38:34,190 DEBUG org.springframework.core.log.LogFormatUtils [http-nio-8083-exec-8] GET "/swagger-resources/configuration/security", parameters={}
2023-05-20 18:38:34,190 DEBUG org.springframework.web.servlet.handler.AbstractHandlerMapping [http-nio-8083-exec-8] Mapped to springfox.documentation.swagger.web.ApiResourceController#securityConfiguration()
2023-05-20 18:38:34,190 DEBUG org.springframework.web.servlet.mvc.method.annotation.AbstractMessageConverterMethodProcessor [http-nio-8083-exec-8] Using 'application/json', given [application/json] and supported [application/json]
2023-05-20 18:38:34,195 DEBUG org.springframework.core.log.LogFormatUtils [http-nio-8083-exec-8] Writing [springfox.documentation.swagger.web.SecurityConfiguration@7fbd3832]
2023-05-20 18:38:34,195 DEBUG org.springframework.web.servlet.FrameworkServlet [http-nio-8083-exec-8] Completed 200 OK
2023-05-20 18:38:34,205 DEBUG org.springframework.core.log.LogFormatUtils [http-nio-8083-exec-10] GET "/swagger-resources", parameters={}
2023-05-20 18:38:34,205 DEBUG org.springframework.web.servlet.handler.AbstractHandlerMapping [http-nio-8083-exec-10] Mapped to springfox.documentation.swagger.web.ApiResourceController#swaggerResources()
2023-05-20 18:38:34,205 DEBUG org.springframework.web.servlet.mvc.method.annotation.AbstractMessageConverterMethodProcessor [http-nio-8083-exec-10] Using 'application/json', given [application/json] and supported [application/json]
2023-05-20 18:38:34,210 DEBUG org.springframework.core.log.LogFormatUtils [http-nio-8083-exec-10] Writing [[springfox.documentation.swagger.web.SwaggerResource@6c07cd72]]
2023-05-20 18:38:34,210 DEBUG org.springframework.web.servlet.FrameworkServlet [http-nio-8083-exec-10] Completed 200 OK
2023-05-20 18:38:34,255 DEBUG org.springframework.core.log.LogFormatUtils [http-nio-8083-exec-1] GET "/v2/api-docs", parameters={}
2023-05-20 18:38:34,255 DEBUG org.springframework.web.servlet.handler.AbstractHandlerMapping [http-nio-8083-exec-1] Mapped to springfox.documentation.swagger2.web.Swagger2ControllerWebMvc#getDocumentation(String, HttpServletRequest)
2023-05-20 18:38:34,385 DEBUG org.springframework.web.servlet.mvc.method.annotation.AbstractMessageConverterMethodProcessor [http-nio-8083-exec-1] Using 'application/json', given [application/json, */*] and supported [application/json, application/hal+json]
2023-05-20 18:38:34,385 DEBUG org.springframework.core.log.LogFormatUtils [http-nio-8083-exec-1] Writing [springfox.documentation.spring.web.json.Json@761ef74]
2023-05-20 18:38:34,390 DEBUG org.springframework.web.servlet.FrameworkServlet [http-nio-8083-exec-1] Completed 200 OK
2023-05-20 18:38:34,395 DEBUG org.springframework.core.log.LogFormatUtils [http-nio-8083-exec-3] GET "/swagger-ui/", parameters={}
2023-05-20 18:38:34,395 DEBUG org.springframework.web.servlet.handler.AbstractHandlerMapping [http-nio-8083-exec-3] Mapped to ParameterizableViewController [view="forward:/swagger-ui/index.html"]
2023-05-20 18:38:34,395 DEBUG org.springframework.web.servlet.view.ContentNegotiatingViewResolver [http-nio-8083-exec-3] Selected 'text/html' given [text/html, application/xhtml+xml, application/xml;q=0.9, */*;q=0.8]
2023-05-20 18:38:34,395 DEBUG org.springframework.web.servlet.view.AbstractView [http-nio-8083-exec-3] View name 'forward:', model {}
2023-05-20 18:38:34,395 DEBUG org.springframework.web.servlet.view.InternalResourceView [http-nio-8083-exec-3] Forwarding to [/swagger-ui/index.html]
2023-05-20 18:38:34,395 DEBUG org.springframework.core.log.LogFormatUtils [http-nio-8083-exec-3] "FORWARD" dispatch for GET "/swagger-ui/index.html", parameters={}
2023-05-20 18:38:34,395 DEBUG org.springframework.web.servlet.handler.AbstractHandlerMapping [http-nio-8083-exec-3] Mapped to ResourceHttpRequestHandler [Classpath [META-INF/resources/webjars/springfox-swagger-ui/]]
2023-05-20 18:38:34,400 DEBUG org.springframework.web.servlet.FrameworkServlet [http-nio-8083-exec-3] Exiting from "FORWARD" dispatch, status 200
2023-05-20 18:38:34,400 DEBUG org.springframework.web.servlet.FrameworkServlet [http-nio-8083-exec-3] Completed 200 OK
2023-05-20 18:38:54,748 DEBUG org.springframework.core.log.LogFormatUtils [http-nio-8083-exec-7] POST "/student", parameters={}
2023-05-20 18:38:54,756 DEBUG org.springframework.web.servlet.handler.AbstractHandlerMapping [http-nio-8083-exec-7] Mapped to ma.pfe.controllers.StudentController#save(StudentDTO)
2023-05-20 18:38:54,807 DEBUG org.springframework.core.log.LogFormatUtils [http-nio-8083-exec-7] Read "application/json;charset=UTF-8" to [StudentDTO{studentId=StudentIdDTO{id=10, code='C100'}, name='OMAR', courses=[CourseEntity{id=1, name (truncated)...]
2023-05-20 18:38:54,815 DEBUG ma.pfe.controllers.StudentController [http-nio-8083-exec-7] start method save dto : StudentDTO{studentId=StudentIdDTO{id=10, code='C100'}, name='OMAR', courses=[CourseEntity{id=1, name='JAVA'}, CourseEntity{id=2, name='ANGULAR'}], address=AddressDTO{rue='CASA', avenue='MED V', number='200'}} 
2023-05-20 18:38:54,815 DEBUG ma.pfe.services.StudentServiceImpl [http-nio-8083-exec-7] start method save dto : StudentDTO{studentId=StudentIdDTO{id=10, code='C100'}, name='OMAR', courses=[CourseEntity{id=1, name='JAVA'}, CourseEntity{id=2, name='ANGULAR'}], address=AddressDTO{rue='CASA', avenue='MED V', number='200'}} 
2023-05-20 18:38:54,815 DEBUG ma.pfe.services.StudentServiceImpl [http-nio-8083-exec-7] mapping dto to entity : StudentEntity{studentId=StudentIdEntity{id=10, code='C100'}, name='OMAR', address=Address{rue='CASA', avenue='MED V', number='200'}, courses=[CourseEntity{id=1, name='JAVA'}, CourseEntity{id=2, name='ANGULAR'}]} 
2023-05-20 18:38:55,023 DEBUG org.springframework.web.servlet.mvc.method.annotation.AbstractMessageConverterMethodProcessor [http-nio-8083-exec-7] Using 'application/json', given [*/*] and supported [application/json, application/*+json, application/json, application/*+json]
2023-05-20 18:38:55,023 DEBUG org.springframework.core.log.LogFormatUtils [http-nio-8083-exec-7] Writing [10]
2023-05-20 18:38:55,031 DEBUG org.springframework.web.servlet.FrameworkServlet [http-nio-8083-exec-7] Completed 200 OK
2023-05-20 18:39:09,197 DEBUG org.springframework.core.log.LogFormatUtils [http-nio-8083-exec-10] GET "/student/10/C100", parameters={}
2023-05-20 18:39:09,199 DEBUG org.springframework.web.servlet.handler.AbstractHandlerMapping [http-nio-8083-exec-10] Mapped to ma.pfe.controllers.StudentController#selectById(long, String)
2023-05-20 18:39:09,213 DEBUG ma.pfe.controllers.StudentController [http-nio-8083-exec-10] start method select by id 10, codeC100
2023-05-20 18:39:09,213 DEBUG ma.pfe.services.StudentServiceImpl [http-nio-8083-exec-10] start method find by id : StudentIdDTO{id=10, code='C100'} 
2023-05-20 18:39:09,238 DEBUG org.springframework.web.servlet.mvc.method.annotation.AbstractMessageConverterMethodProcessor [http-nio-8083-exec-10] Using 'application/json', given [*/*] and supported [application/json, application/*+json, application/json, application/*+json]
2023-05-20 18:39:09,238 DEBUG org.springframework.core.log.LogFormatUtils [http-nio-8083-exec-10] Writing [StudentDTO{studentId=StudentIdDTO{id=10, code='C100'}, name='OMAR', courses=[CourseEntity{id=1, name (truncated)...]
2023-05-20 18:39:09,238 DEBUG org.springframework.web.servlet.FrameworkServlet [http-nio-8083-exec-10] Completed 200 OK
2023-05-20 19:37:13,212 INFO org.springframework.orm.jpa.AbstractEntityManagerFactoryBean [SpringApplicationShutdownHook] Closing JPA EntityManagerFactory for persistence unit 'default'
2023-05-20 19:37:13,275 INFO com.zaxxer.hikari.HikariDataSource [SpringApplicationShutdownHook] HikariPool-1 - Shutdown initiated...
2023-05-20 19:37:13,275 INFO com.zaxxer.hikari.HikariDataSource [SpringApplicationShutdownHook] HikariPool-1 - Shutdown completed.
