2023-03-20 12:20:24,259 INFO org.springframework.boot.StartupInfoLogger [main] Starting PFEApplication using Java 1.8.0_362 on LAPTOP-B3SK61G6 with PID 23880 (C:\Users\badrm\IdeaProjects\PFEProject\target\classes started by badrm in C:\Users\badrm\IdeaProjects\PFEProject)
2023-03-20 12:20:24,263 DEBUG org.springframework.boot.StartupInfoLogger [main] Running with Spring Boot v2.5.3, Spring v5.3.9
2023-03-20 12:20:24,263 INFO org.springframework.boot.SpringApplication [main] The following profiles are active: dev
2023-03-20 12:20:25,324 INFO org.springframework.data.repository.config.RepositoryConfigurationDelegate [main] Bootstrapping Spring Data JPA repositories in DEFAULT mode.
2023-03-20 12:20:25,396 INFO org.springframework.data.repository.config.RepositoryConfigurationDelegate [main] Finished Spring Data repository scanning in 59 ms. Found 1 JPA repository interfaces.
2023-03-20 12:20:26,374 INFO org.springframework.boot.web.embedded.tomcat.TomcatWebServer [main] Tomcat initialized with port(s): 8083 (http)
2023-03-20 12:20:26,390 INFO org.apache.juli.logging.DirectJDKLog [main] Initializing ProtocolHandler ["http-nio-8083"]
2023-03-20 12:20:26,391 INFO org.apache.juli.logging.DirectJDKLog [main] Starting service [Tomcat]
2023-03-20 12:20:26,391 INFO org.apache.juli.logging.DirectJDKLog [main] Starting Servlet engine: [Apache Tomcat/9.0.50]
2023-03-20 12:20:27,164 INFO org.apache.juli.logging.DirectJDKLog [main] Initializing Spring embedded WebApplicationContext
2023-03-20 12:20:27,164 INFO org.springframework.boot.web.servlet.context.ServletWebServerApplicationContext [main] Root WebApplicationContext: initialization completed in 2857 ms
2023-03-20 12:20:27,967 INFO com.zaxxer.hikari.HikariDataSource [main] HikariPool-1 - Starting...
2023-03-20 12:20:28,166 INFO com.zaxxer.hikari.HikariDataSource [main] HikariPool-1 - Start completed.
2023-03-20 12:20:29,485 INFO org.springframework.orm.jpa.AbstractEntityManagerFactoryBean [main] Initialized JPA EntityManagerFactory for persistence unit 'default'
2023-03-20 12:20:30,225 DEBUG org.springframework.web.servlet.handler.AbstractHandlerMethodMapping [main] 11 mappings in 'requestMappingHandlerMapping'
2023-03-20 12:20:30,406 DEBUG org.springframework.web.servlet.mvc.method.annotation.RequestMappingHandlerAdapter [main] ControllerAdvice beans: 0 @ModelAttribute, 0 @InitBinder, 1 RequestBodyAdvice, 1 ResponseBodyAdvice
2023-03-20 12:20:30,477 DEBUG org.springframework.web.servlet.handler.SimpleUrlHandlerMapping [main] Patterns [/swagger-ui/] in 'viewControllerHandlerMapping'
2023-03-20 12:20:30,498 DEBUG org.springframework.web.servlet.handler.SimpleUrlHandlerMapping [main] Patterns [/webjars/**, /**, /swagger-ui/**] in 'resourceHandlerMapping'
2023-03-20 12:20:30,504 DEBUG org.springframework.web.servlet.mvc.method.annotation.ExceptionHandlerExceptionResolver [main] ControllerAdvice beans: 0 @ExceptionHandler, 1 ResponseBodyAdvice
2023-03-20 12:20:30,706 INFO org.apache.juli.logging.DirectJDKLog [main] Starting ProtocolHandler ["http-nio-8083"]
2023-03-20 12:20:30,739 INFO org.springframework.boot.web.embedded.tomcat.TomcatWebServer [main] Tomcat started on port(s): 8083 (http) with context path ''
2023-03-20 12:20:30,985 INFO org.springframework.boot.StartupInfoLogger [main] Started PFEApplication in 7.326 seconds (JVM running for 10.211)
2023-03-20 12:20:30,989 INFO ma.pfe.PFEApplication [main] Access URLs:
----------------------------------------------------------
	Local: 		http://127.0.0.1:8083/swagger-ui/#/
	External: 	http://192.168.1.4:8083/swagger-ui/#/
----------------------------------------------------------
2023-03-20 12:22:02,342 INFO org.apache.juli.logging.DirectJDKLog [http-nio-8083-exec-3] Initializing Spring DispatcherServlet 'dispatcherServlet'
2023-03-20 12:22:02,343 INFO org.springframework.web.servlet.FrameworkServlet [http-nio-8083-exec-3] Initializing Servlet 'dispatcherServlet'
2023-03-20 12:22:02,343 DEBUG org.springframework.web.servlet.DispatcherServlet [http-nio-8083-exec-3] Detected StandardServletMultipartResolver
2023-03-20 12:22:02,344 DEBUG org.springframework.web.servlet.DispatcherServlet [http-nio-8083-exec-3] Detected AcceptHeaderLocaleResolver
2023-03-20 12:22:02,344 DEBUG org.springframework.web.servlet.DispatcherServlet [http-nio-8083-exec-3] Detected FixedThemeResolver
2023-03-20 12:22:02,346 DEBUG org.springframework.web.servlet.DispatcherServlet [http-nio-8083-exec-3] Detected org.springframework.web.servlet.view.DefaultRequestToViewNameTranslator@6f65aa58
2023-03-20 12:22:02,347 DEBUG org.springframework.web.servlet.DispatcherServlet [http-nio-8083-exec-3] Detected org.springframework.web.servlet.support.SessionFlashMapManager@2619cb76
2023-03-20 12:22:02,348 DEBUG org.springframework.web.servlet.FrameworkServlet [http-nio-8083-exec-3] enableLoggingRequestDetails='false': request parameters and headers will be masked to prevent unsafe logging of potentially sensitive data
2023-03-20 12:22:02,348 INFO org.springframework.web.servlet.FrameworkServlet [http-nio-8083-exec-3] Completed initialization in 5 ms
2023-03-20 12:22:02,381 DEBUG org.springframework.core.log.LogFormatUtils [http-nio-8083-exec-3] GET "/swagger-ui/springfox.js?v=3.0.0", parameters={masked}
2023-03-20 12:22:02,381 DEBUG org.springframework.core.log.LogFormatUtils [http-nio-8083-exec-6] GET "/swagger-ui/swagger-ui.css?v=3.0.0", parameters={masked}
2023-03-20 12:22:02,381 DEBUG org.springframework.core.log.LogFormatUtils [http-nio-8083-exec-5] GET "/swagger-ui/springfox.css?v=3.0.0", parameters={masked}
2023-03-20 12:22:02,381 DEBUG org.springframework.core.log.LogFormatUtils [http-nio-8083-exec-4] GET "/swagger-ui/swagger-ui-standalone-preset.js?v=3.0.0", parameters={masked}
2023-03-20 12:22:02,381 DEBUG org.springframework.core.log.LogFormatUtils [http-nio-8083-exec-7] GET "/swagger-ui/swagger-ui-bundle.js?v=3.0.0", parameters={masked}
2023-03-20 12:22:02,406 DEBUG org.springframework.web.servlet.handler.AbstractHandlerMapping [http-nio-8083-exec-6] Mapped to ResourceHttpRequestHandler [Classpath [META-INF/resources/webjars/springfox-swagger-ui/]]
2023-03-20 12:22:02,406 DEBUG org.springframework.web.servlet.handler.AbstractHandlerMapping [http-nio-8083-exec-5] Mapped to ResourceHttpRequestHandler [Classpath [META-INF/resources/webjars/springfox-swagger-ui/]]
2023-03-20 12:22:02,406 DEBUG org.springframework.web.servlet.handler.AbstractHandlerMapping [http-nio-8083-exec-4] Mapped to ResourceHttpRequestHandler [Classpath [META-INF/resources/webjars/springfox-swagger-ui/]]
2023-03-20 12:22:02,406 DEBUG org.springframework.web.servlet.handler.AbstractHandlerMapping [http-nio-8083-exec-7] Mapped to ResourceHttpRequestHandler [Classpath [META-INF/resources/webjars/springfox-swagger-ui/]]
2023-03-20 12:22:02,406 DEBUG org.springframework.web.servlet.handler.AbstractHandlerMapping [http-nio-8083-exec-3] Mapped to ResourceHttpRequestHandler [Classpath [META-INF/resources/webjars/springfox-swagger-ui/]]
2023-03-20 12:22:02,427 DEBUG org.springframework.web.servlet.FrameworkServlet [http-nio-8083-exec-3] Completed 304 NOT_MODIFIED
2023-03-20 12:22:02,427 DEBUG org.springframework.web.servlet.FrameworkServlet [http-nio-8083-exec-4] Completed 304 NOT_MODIFIED
2023-03-20 12:22:02,427 DEBUG org.springframework.web.servlet.FrameworkServlet [http-nio-8083-exec-5] Completed 304 NOT_MODIFIED
2023-03-20 12:22:02,427 DEBUG org.springframework.web.servlet.FrameworkServlet [http-nio-8083-exec-6] Completed 304 NOT_MODIFIED
2023-03-20 12:22:02,429 DEBUG org.springframework.web.servlet.FrameworkServlet [http-nio-8083-exec-7] Completed 304 NOT_MODIFIED
2023-03-20 12:22:02,874 DEBUG org.springframework.core.log.LogFormatUtils [http-nio-8083-exec-8] GET "/swagger-resources/configuration/ui", parameters={}
2023-03-20 12:22:02,876 DEBUG org.springframework.web.servlet.handler.AbstractHandlerMapping [http-nio-8083-exec-8] Mapped to springfox.documentation.swagger.web.ApiResourceController#uiConfiguration()
2023-03-20 12:22:02,880 DEBUG org.springframework.core.log.LogFormatUtils [http-nio-8083-exec-9] GET "/swagger-ui/favicon-32x32.png?v=3.0.0", parameters={masked}
2023-03-20 12:22:02,883 DEBUG org.springframework.web.servlet.handler.AbstractHandlerMapping [http-nio-8083-exec-9] Mapped to ResourceHttpRequestHandler [Classpath [META-INF/resources/webjars/springfox-swagger-ui/]]
2023-03-20 12:22:02,885 DEBUG org.springframework.web.servlet.FrameworkServlet [http-nio-8083-exec-9] Completed 304 NOT_MODIFIED
2023-03-20 12:22:02,908 DEBUG org.springframework.web.servlet.mvc.method.annotation.AbstractMessageConverterMethodProcessor [http-nio-8083-exec-8] Using 'application/json', given [application/json] and supported [application/json]
2023-03-20 12:22:02,944 DEBUG org.springframework.core.log.LogFormatUtils [http-nio-8083-exec-8] Writing [springfox.documentation.swagger.web.UiConfiguration@81daef3]
2023-03-20 12:22:02,967 DEBUG org.springframework.web.servlet.FrameworkServlet [http-nio-8083-exec-8] Completed 200 OK
2023-03-20 12:22:02,987 DEBUG org.springframework.core.log.LogFormatUtils [http-nio-8083-exec-10] GET "/swagger-resources/configuration/security", parameters={}
2023-03-20 12:22:02,988 DEBUG org.springframework.web.servlet.handler.AbstractHandlerMapping [http-nio-8083-exec-10] Mapped to springfox.documentation.swagger.web.ApiResourceController#securityConfiguration()
2023-03-20 12:22:02,990 DEBUG org.springframework.web.servlet.mvc.method.annotation.AbstractMessageConverterMethodProcessor [http-nio-8083-exec-10] Using 'application/json', given [application/json] and supported [application/json]
2023-03-20 12:22:02,994 DEBUG org.springframework.core.log.LogFormatUtils [http-nio-8083-exec-10] Writing [springfox.documentation.swagger.web.SecurityConfiguration@6c2277b7]
2023-03-20 12:22:02,996 DEBUG org.springframework.web.servlet.FrameworkServlet [http-nio-8083-exec-10] Completed 200 OK
2023-03-20 12:22:03,010 DEBUG org.springframework.core.log.LogFormatUtils [http-nio-8083-exec-1] GET "/swagger-resources", parameters={}
2023-03-20 12:22:03,010 DEBUG org.springframework.web.servlet.handler.AbstractHandlerMapping [http-nio-8083-exec-1] Mapped to springfox.documentation.swagger.web.ApiResourceController#swaggerResources()
2023-03-20 12:22:03,011 DEBUG org.springframework.web.servlet.mvc.method.annotation.AbstractMessageConverterMethodProcessor [http-nio-8083-exec-1] Using 'application/json', given [application/json] and supported [application/json]
2023-03-20 12:22:03,013 DEBUG org.springframework.core.log.LogFormatUtils [http-nio-8083-exec-1] Writing [[springfox.documentation.swagger.web.SwaggerResource@6930195d]]
2023-03-20 12:22:03,017 DEBUG org.springframework.web.servlet.FrameworkServlet [http-nio-8083-exec-1] Completed 200 OK
2023-03-20 12:22:03,077 DEBUG org.springframework.core.log.LogFormatUtils [http-nio-8083-exec-2] GET "/v2/api-docs", parameters={}
2023-03-20 12:22:03,078 DEBUG org.springframework.web.servlet.handler.AbstractHandlerMapping [http-nio-8083-exec-2] Mapped to springfox.documentation.swagger2.web.Swagger2ControllerWebMvc#getDocumentation(String, HttpServletRequest)
2023-03-20 12:22:03,191 DEBUG org.springframework.web.servlet.mvc.method.annotation.AbstractMessageConverterMethodProcessor [http-nio-8083-exec-2] Using 'application/json', given [application/json, */*] and supported [application/json, application/hal+json]
2023-03-20 12:22:03,193 DEBUG org.springframework.core.log.LogFormatUtils [http-nio-8083-exec-2] Writing [springfox.documentation.spring.web.json.Json@7851b9ee]
2023-03-20 12:22:03,194 DEBUG org.springframework.web.servlet.FrameworkServlet [http-nio-8083-exec-2] Completed 200 OK
2023-03-20 12:22:05,730 DEBUG org.springframework.core.log.LogFormatUtils [http-nio-8083-exec-6] GET "/swagger-ui/", parameters={}
2023-03-20 12:22:05,730 DEBUG org.springframework.web.servlet.handler.AbstractHandlerMapping [http-nio-8083-exec-6] Mapped to ParameterizableViewController [view="forward:/swagger-ui/index.html"]
2023-03-20 12:22:05,733 DEBUG org.springframework.web.servlet.view.ContentNegotiatingViewResolver [http-nio-8083-exec-6] Selected 'text/html' given [text/html, application/xhtml+xml, application/xml;q=0.9, */*;q=0.8]
2023-03-20 12:22:05,734 DEBUG org.springframework.web.servlet.view.AbstractView [http-nio-8083-exec-6] View name 'forward:', model {}
2023-03-20 12:22:05,735 DEBUG org.springframework.web.servlet.view.InternalResourceView [http-nio-8083-exec-6] Forwarding to [/swagger-ui/index.html]
2023-03-20 12:22:05,738 DEBUG org.springframework.core.log.LogFormatUtils [http-nio-8083-exec-6] "FORWARD" dispatch for GET "/swagger-ui/index.html", parameters={}
2023-03-20 12:22:05,738 DEBUG org.springframework.web.servlet.handler.AbstractHandlerMapping [http-nio-8083-exec-6] Mapped to ResourceHttpRequestHandler [Classpath [META-INF/resources/webjars/springfox-swagger-ui/]]
2023-03-20 12:22:05,741 DEBUG org.springframework.web.servlet.FrameworkServlet [http-nio-8083-exec-6] Exiting from "FORWARD" dispatch, status 200
2023-03-20 12:22:05,742 DEBUG org.springframework.web.servlet.FrameworkServlet [http-nio-8083-exec-6] Completed 200 OK
2023-03-20 12:22:09,575 DEBUG org.springframework.core.log.LogFormatUtils [http-nio-8083-exec-8] GET "/swagger-ui/", parameters={}
2023-03-20 12:22:09,575 DEBUG org.springframework.web.servlet.handler.AbstractHandlerMapping [http-nio-8083-exec-8] Mapped to ParameterizableViewController [view="forward:/swagger-ui/index.html"]
2023-03-20 12:22:09,575 DEBUG org.springframework.web.servlet.view.ContentNegotiatingViewResolver [http-nio-8083-exec-8] Selected 'text/html' given [text/html, application/xhtml+xml, application/xml;q=0.9, */*;q=0.8]
2023-03-20 12:22:09,575 DEBUG org.springframework.web.servlet.view.AbstractView [http-nio-8083-exec-8] View name 'forward:', model {}
2023-03-20 12:22:09,575 DEBUG org.springframework.web.servlet.view.InternalResourceView [http-nio-8083-exec-8] Forwarding to [/swagger-ui/index.html]
2023-03-20 12:22:09,575 DEBUG org.springframework.core.log.LogFormatUtils [http-nio-8083-exec-8] "FORWARD" dispatch for GET "/swagger-ui/index.html", parameters={}
2023-03-20 12:22:09,575 DEBUG org.springframework.web.servlet.handler.AbstractHandlerMapping [http-nio-8083-exec-8] Mapped to ResourceHttpRequestHandler [Classpath [META-INF/resources/webjars/springfox-swagger-ui/]]
2023-03-20 12:22:09,575 DEBUG org.springframework.web.servlet.FrameworkServlet [http-nio-8083-exec-8] Exiting from "FORWARD" dispatch, status 200
2023-03-20 12:22:09,575 DEBUG org.springframework.web.servlet.FrameworkServlet [http-nio-8083-exec-8] Completed 200 OK
2023-03-20 12:22:14,303 DEBUG org.springframework.core.log.LogFormatUtils [http-nio-8083-exec-10] GET "/swagger-ui/", parameters={}
2023-03-20 12:22:14,303 DEBUG org.springframework.web.servlet.handler.AbstractHandlerMapping [http-nio-8083-exec-10] Mapped to ParameterizableViewController [view="forward:/swagger-ui/index.html"]
2023-03-20 12:22:14,303 DEBUG org.springframework.web.servlet.view.ContentNegotiatingViewResolver [http-nio-8083-exec-10] Selected 'text/html' given [text/html, application/xhtml+xml, application/xml;q=0.9, */*;q=0.8]
2023-03-20 12:22:14,318 DEBUG org.springframework.web.servlet.view.AbstractView [http-nio-8083-exec-10] View name 'forward:', model {}
2023-03-20 12:22:14,318 DEBUG org.springframework.web.servlet.view.InternalResourceView [http-nio-8083-exec-10] Forwarding to [/swagger-ui/index.html]
2023-03-20 12:22:14,318 DEBUG org.springframework.core.log.LogFormatUtils [http-nio-8083-exec-10] "FORWARD" dispatch for GET "/swagger-ui/index.html", parameters={}
2023-03-20 12:22:14,318 DEBUG org.springframework.web.servlet.handler.AbstractHandlerMapping [http-nio-8083-exec-10] Mapped to ResourceHttpRequestHandler [Classpath [META-INF/resources/webjars/springfox-swagger-ui/]]
2023-03-20 12:22:14,318 DEBUG org.springframework.web.servlet.FrameworkServlet [http-nio-8083-exec-10] Exiting from "FORWARD" dispatch, status 200
2023-03-20 12:22:14,318 DEBUG org.springframework.web.servlet.FrameworkServlet [http-nio-8083-exec-10] Completed 200 OK
2023-03-20 12:22:29,543 DEBUG org.springframework.core.log.LogFormatUtils [http-nio-8083-exec-1] POST "/student", parameters={}
2023-03-20 12:22:29,543 DEBUG org.springframework.web.servlet.handler.AbstractHandlerMapping [http-nio-8083-exec-1] Mapped to ma.pfe.controllers.StudentController#save(StudentDTO)
2023-03-20 12:22:29,575 DEBUG org.springframework.core.log.LogFormatUtils [http-nio-8083-exec-1] Read "application/json;charset=UTF-8" to [StudentDTO{id=0, name='Badr'}]
2023-03-20 12:22:29,575 DEBUG ma.pfe.controllers.StudentController [http-nio-8083-exec-1] start method save dto : StudentDTO{id=0, name='Badr'} 
2023-03-20 12:22:29,575 DEBUG ma.pfe.services.StudentServiceImpl [http-nio-8083-exec-1] start method save dto : StudentDTO{id=0, name='Badr'} 
2023-03-20 12:22:29,700 DEBUG org.springframework.web.servlet.mvc.method.annotation.AbstractMessageConverterMethodProcessor [http-nio-8083-exec-1] Using 'application/json', given [*/*] and supported [application/json, application/*+json, application/json, application/*+json]
2023-03-20 12:22:29,700 DEBUG org.springframework.core.log.LogFormatUtils [http-nio-8083-exec-1] Writing [1]
2023-03-20 12:22:29,700 DEBUG org.springframework.web.servlet.FrameworkServlet [http-nio-8083-exec-1] Completed 200 OK
2023-03-20 12:24:46,509 INFO org.springframework.orm.jpa.AbstractEntityManagerFactoryBean [SpringApplicationShutdownHook] Closing JPA EntityManagerFactory for persistence unit 'default'
2023-03-20 12:24:46,532 INFO com.zaxxer.hikari.HikariDataSource [SpringApplicationShutdownHook] HikariPool-1 - Shutdown initiated...
2023-03-20 12:24:46,567 INFO com.zaxxer.hikari.HikariDataSource [SpringApplicationShutdownHook] HikariPool-1 - Shutdown completed.
