2023-03-04 17:31:30,848 INFO org.springframework.boot.StartupInfoLogger [main] Starting PFEApplication using Java 1.8.0_362 on LAPTOP-B3SK61G6 with PID 7980 (C:\Users\badrm\IdeaProjects\PFEProject\target\classes started by badrm in C:\Users\badrm\IdeaProjects\PFEProject)
2023-03-04 17:31:30,852 DEBUG org.springframework.boot.StartupInfoLogger [main] Running with Spring Boot v2.5.3, Spring v5.3.9
2023-03-04 17:31:30,853 INFO org.springframework.boot.SpringApplication [main] The following profiles are active: local
2023-03-04 17:31:32,178 INFO org.springframework.data.repository.config.RepositoryConfigurationDelegate [main] Bootstrapping Spring Data JPA repositories in DEFAULT mode.
2023-03-04 17:31:32,208 INFO org.springframework.data.repository.config.RepositoryConfigurationDelegate [main] Finished Spring Data repository scanning in 11 ms. Found 0 JPA repository interfaces.
2023-03-04 17:31:33,407 INFO org.springframework.boot.web.embedded.tomcat.TomcatWebServer [main] Tomcat initialized with port(s): 8082 (http)
2023-03-04 17:31:33,421 INFO org.apache.juli.logging.DirectJDKLog [main] Initializing ProtocolHandler ["http-nio-8082"]
2023-03-04 17:31:33,422 INFO org.apache.juli.logging.DirectJDKLog [main] Starting service [Tomcat]
2023-03-04 17:31:33,422 INFO org.apache.juli.logging.DirectJDKLog [main] Starting Servlet engine: [Apache Tomcat/9.0.50]
2023-03-04 17:31:33,518 INFO org.apache.juli.logging.DirectJDKLog [main] Initializing Spring embedded WebApplicationContext
2023-03-04 17:31:33,518 INFO org.springframework.boot.web.servlet.context.ServletWebServerApplicationContext [main] Root WebApplicationContext: initialization completed in 2610 ms
2023-03-04 17:31:33,917 INFO org.hibernate.jpa.internal.util.LogHelper [main] HHH000204: Processing PersistenceUnitInfo [name: default]
2023-03-04 17:31:34,015 INFO org.hibernate.Version [main] HHH000412: Hibernate ORM core version 5.4.32.Final
2023-03-04 17:31:34,221 INFO org.hibernate.annotations.common.reflection.java.JavaReflectionManager [main] HCANN000001: Hibernate Commons Annotations {5.1.2.Final}
2023-03-04 17:31:34,370 INFO com.zaxxer.hikari.HikariDataSource [main] HikariPool-1 - Starting...
2023-03-04 17:31:34,569 INFO com.zaxxer.hikari.HikariDataSource [main] HikariPool-1 - Start completed.
2023-03-04 17:31:34,590 INFO org.hibernate.dialect.Dialect [main] HHH000400: Using dialect: org.hibernate.dialect.MySQL57Dialect
2023-03-04 17:31:35,429 INFO org.hibernate.engine.transaction.jta.platform.internal.JtaPlatformInitiator [main] HHH000490: Using JtaPlatform implementation: [org.hibernate.engine.transaction.jta.platform.internal.NoJtaPlatform]
2023-03-04 17:31:35,440 INFO org.springframework.orm.jpa.AbstractEntityManagerFactoryBean [main] Initialized JPA EntityManagerFactory for persistence unit 'default'
2023-03-04 17:31:35,825 WARN org.springframework.boot.autoconfigure.orm.jpa.JpaBaseConfiguration$JpaWebConfiguration [main] spring.jpa.open-in-view is enabled by default. Therefore, database queries may be performed during view rendering. Explicitly configure spring.jpa.open-in-view to disable this warning
2023-03-04 17:31:35,968 DEBUG org.springframework.web.servlet.handler.AbstractHandlerMethodMapping [main] 11 mappings in 'requestMappingHandlerMapping'
2023-03-04 17:31:36,394 DEBUG org.springframework.web.servlet.mvc.method.annotation.RequestMappingHandlerAdapter [main] ControllerAdvice beans: 0 @ModelAttribute, 0 @InitBinder, 1 RequestBodyAdvice, 1 ResponseBodyAdvice
2023-03-04 17:31:36,479 DEBUG org.springframework.web.servlet.handler.SimpleUrlHandlerMapping [main] Patterns [/swagger-ui/] in 'viewControllerHandlerMapping'
2023-03-04 17:31:36,510 DEBUG org.springframework.web.servlet.handler.SimpleUrlHandlerMapping [main] Patterns [/webjars/**, /**, /swagger-ui/**] in 'resourceHandlerMapping'
2023-03-04 17:31:36,525 DEBUG org.springframework.web.servlet.mvc.method.annotation.ExceptionHandlerExceptionResolver [main] ControllerAdvice beans: 0 @ExceptionHandler, 1 ResponseBodyAdvice
2023-03-04 17:31:36,711 INFO org.apache.juli.logging.DirectJDKLog [main] Starting ProtocolHandler ["http-nio-8082"]
2023-03-04 17:31:36,739 INFO org.springframework.boot.web.embedded.tomcat.TomcatWebServer [main] Tomcat started on port(s): 8082 (http) with context path ''
2023-03-04 17:31:37,224 INFO org.springframework.boot.StartupInfoLogger [main] Started PFEApplication in 7.039 seconds (JVM running for 8.07)
2023-03-04 17:31:43,410 INFO org.springframework.orm.jpa.AbstractEntityManagerFactoryBean [SpringApplicationShutdownHook] Closing JPA EntityManagerFactory for persistence unit 'default'
2023-03-04 17:31:43,414 INFO com.zaxxer.hikari.HikariDataSource [SpringApplicationShutdownHook] HikariPool-1 - Shutdown initiated...
2023-03-04 17:31:43,434 INFO com.zaxxer.hikari.HikariDataSource [SpringApplicationShutdownHook] HikariPool-1 - Shutdown completed.
2023-03-04 17:34:00,640 INFO org.springframework.boot.StartupInfoLogger [main] Starting PFEApplication using Java 1.8.0_362 on LAPTOP-B3SK61G6 with PID 22888 (C:\Users\badrm\IdeaProjects\PFEProject\target\classes started by badrm in C:\Users\badrm\IdeaProjects\PFEProject)
2023-03-04 17:34:00,642 DEBUG org.springframework.boot.StartupInfoLogger [main] Running with Spring Boot v2.5.3, Spring v5.3.9
2023-03-04 17:34:00,642 INFO org.springframework.boot.SpringApplication [main] The following profiles are active: local
2023-03-04 17:34:01,744 INFO org.springframework.data.repository.config.RepositoryConfigurationDelegate [main] Bootstrapping Spring Data JPA repositories in DEFAULT mode.
2023-03-04 17:34:01,767 INFO org.springframework.data.repository.config.RepositoryConfigurationDelegate [main] Finished Spring Data repository scanning in 12 ms. Found 0 JPA repository interfaces.
2023-03-04 17:34:02,819 INFO org.springframework.boot.web.embedded.tomcat.TomcatWebServer [main] Tomcat initialized with port(s): 8082 (http)
2023-03-04 17:34:02,836 INFO org.apache.juli.logging.DirectJDKLog [main] Initializing ProtocolHandler ["http-nio-8082"]
2023-03-04 17:34:02,837 INFO org.apache.juli.logging.DirectJDKLog [main] Starting service [Tomcat]
2023-03-04 17:34:02,837 INFO org.apache.juli.logging.DirectJDKLog [main] Starting Servlet engine: [Apache Tomcat/9.0.50]
2023-03-04 17:34:02,938 INFO org.apache.juli.logging.DirectJDKLog [main] Initializing Spring embedded WebApplicationContext
2023-03-04 17:34:02,938 INFO org.springframework.boot.web.servlet.context.ServletWebServerApplicationContext [main] Root WebApplicationContext: initialization completed in 2240 ms
2023-03-04 17:34:03,303 INFO org.hibernate.jpa.internal.util.LogHelper [main] HHH000204: Processing PersistenceUnitInfo [name: default]
2023-03-04 17:34:03,394 INFO org.hibernate.Version [main] HHH000412: Hibernate ORM core version 5.4.32.Final
2023-03-04 17:34:03,609 INFO org.hibernate.annotations.common.reflection.java.JavaReflectionManager [main] HCANN000001: Hibernate Commons Annotations {5.1.2.Final}
2023-03-04 17:34:03,746 INFO com.zaxxer.hikari.HikariDataSource [main] HikariPool-1 - Starting...
2023-03-04 17:34:03,915 INFO com.zaxxer.hikari.HikariDataSource [main] HikariPool-1 - Start completed.
2023-03-04 17:34:03,935 INFO org.hibernate.dialect.Dialect [main] HHH000400: Using dialect: org.hibernate.dialect.MySQL57Dialect
2023-03-04 17:34:04,658 INFO org.hibernate.engine.transaction.jta.platform.internal.JtaPlatformInitiator [main] HHH000490: Using JtaPlatform implementation: [org.hibernate.engine.transaction.jta.platform.internal.NoJtaPlatform]
2023-03-04 17:34:04,670 INFO org.springframework.orm.jpa.AbstractEntityManagerFactoryBean [main] Initialized JPA EntityManagerFactory for persistence unit 'default'
2023-03-04 17:34:04,976 WARN org.springframework.boot.autoconfigure.orm.jpa.JpaBaseConfiguration$JpaWebConfiguration [main] spring.jpa.open-in-view is enabled by default. Therefore, database queries may be performed during view rendering. Explicitly configure spring.jpa.open-in-view to disable this warning
2023-03-04 17:34:05,144 DEBUG org.springframework.web.servlet.handler.AbstractHandlerMethodMapping [main] 11 mappings in 'requestMappingHandlerMapping'
2023-03-04 17:34:05,504 DEBUG org.springframework.web.servlet.mvc.method.annotation.RequestMappingHandlerAdapter [main] ControllerAdvice beans: 0 @ModelAttribute, 0 @InitBinder, 1 RequestBodyAdvice, 1 ResponseBodyAdvice
2023-03-04 17:34:05,566 DEBUG org.springframework.web.servlet.handler.SimpleUrlHandlerMapping [main] Patterns [/swagger-ui/] in 'viewControllerHandlerMapping'
2023-03-04 17:34:05,593 DEBUG org.springframework.web.servlet.handler.SimpleUrlHandlerMapping [main] Patterns [/webjars/**, /**, /swagger-ui/**] in 'resourceHandlerMapping'
2023-03-04 17:34:05,602 DEBUG org.springframework.web.servlet.mvc.method.annotation.ExceptionHandlerExceptionResolver [main] ControllerAdvice beans: 0 @ExceptionHandler, 1 ResponseBodyAdvice
2023-03-04 17:34:05,754 INFO org.apache.juli.logging.DirectJDKLog [main] Starting ProtocolHandler ["http-nio-8082"]
2023-03-04 17:34:05,790 INFO org.springframework.boot.web.embedded.tomcat.TomcatWebServer [main] Tomcat started on port(s): 8082 (http) with context path ''
2023-03-04 17:34:06,210 INFO org.springframework.boot.StartupInfoLogger [main] Started PFEApplication in 6.293 seconds (JVM running for 7.143)
2023-03-04 17:37:35,852 INFO org.springframework.orm.jpa.AbstractEntityManagerFactoryBean [SpringApplicationShutdownHook] Closing JPA EntityManagerFactory for persistence unit 'default'
2023-03-04 17:37:35,858 INFO com.zaxxer.hikari.HikariDataSource [SpringApplicationShutdownHook] HikariPool-1 - Shutdown initiated...
2023-03-04 17:37:35,890 INFO com.zaxxer.hikari.HikariDataSource [SpringApplicationShutdownHook] HikariPool-1 - Shutdown completed.
2023-03-04 17:39:34,827 INFO org.springframework.boot.StartupInfoLogger [main] Starting PFEApplication using Java 1.8.0_362 on LAPTOP-B3SK61G6 with PID 16392 (C:\Users\badrm\IdeaProjects\PFEProject\target\classes started by badrm in C:\Users\badrm\IdeaProjects\PFEProject)
2023-03-04 17:39:34,830 DEBUG org.springframework.boot.StartupInfoLogger [main] Running with Spring Boot v2.5.3, Spring v5.3.9
2023-03-04 17:39:34,831 INFO org.springframework.boot.SpringApplication [main] The following profiles are active: local
2023-03-04 17:39:35,815 INFO org.springframework.data.repository.config.RepositoryConfigurationDelegate [main] Bootstrapping Spring Data JPA repositories in DEFAULT mode.
2023-03-04 17:39:35,835 INFO org.springframework.data.repository.config.RepositoryConfigurationDelegate [main] Finished Spring Data repository scanning in 8 ms. Found 0 JPA repository interfaces.
2023-03-04 17:39:37,130 INFO org.springframework.boot.web.embedded.tomcat.TomcatWebServer [main] Tomcat initialized with port(s): 8082 (http)
2023-03-04 17:39:37,145 INFO org.apache.juli.logging.DirectJDKLog [main] Initializing ProtocolHandler ["http-nio-8082"]
2023-03-04 17:39:37,146 INFO org.apache.juli.logging.DirectJDKLog [main] Starting service [Tomcat]
2023-03-04 17:39:37,146 INFO org.apache.juli.logging.DirectJDKLog [main] Starting Servlet engine: [Apache Tomcat/9.0.50]
2023-03-04 17:39:37,233 INFO org.apache.juli.logging.DirectJDKLog [main] Initializing Spring embedded WebApplicationContext
2023-03-04 17:39:37,234 INFO org.springframework.boot.web.servlet.context.ServletWebServerApplicationContext [main] Root WebApplicationContext: initialization completed in 2348 ms
2023-03-04 17:39:37,591 INFO org.hibernate.jpa.internal.util.LogHelper [main] HHH000204: Processing PersistenceUnitInfo [name: default]
2023-03-04 17:39:37,668 INFO org.hibernate.Version [main] HHH000412: Hibernate ORM core version 5.4.32.Final
2023-03-04 17:39:37,874 INFO org.hibernate.annotations.common.reflection.java.JavaReflectionManager [main] HCANN000001: Hibernate Commons Annotations {5.1.2.Final}
2023-03-04 17:39:38,002 INFO com.zaxxer.hikari.HikariDataSource [main] HikariPool-1 - Starting...
2023-03-04 17:39:38,211 INFO com.zaxxer.hikari.HikariDataSource [main] HikariPool-1 - Start completed.
2023-03-04 17:39:38,231 INFO org.hibernate.dialect.Dialect [main] HHH000400: Using dialect: org.hibernate.dialect.MySQL57Dialect
2023-03-04 17:39:38,951 INFO org.hibernate.engine.transaction.jta.platform.internal.JtaPlatformInitiator [main] HHH000490: Using JtaPlatform implementation: [org.hibernate.engine.transaction.jta.platform.internal.NoJtaPlatform]
2023-03-04 17:39:38,960 INFO org.springframework.orm.jpa.AbstractEntityManagerFactoryBean [main] Initialized JPA EntityManagerFactory for persistence unit 'default'
2023-03-04 17:39:39,242 WARN org.springframework.boot.autoconfigure.orm.jpa.JpaBaseConfiguration$JpaWebConfiguration [main] spring.jpa.open-in-view is enabled by default. Therefore, database queries may be performed during view rendering. Explicitly configure spring.jpa.open-in-view to disable this warning
2023-03-04 17:39:39,346 DEBUG org.springframework.web.servlet.handler.AbstractHandlerMethodMapping [main] 11 mappings in 'requestMappingHandlerMapping'
2023-03-04 17:39:39,618 DEBUG org.springframework.web.servlet.mvc.method.annotation.RequestMappingHandlerAdapter [main] ControllerAdvice beans: 0 @ModelAttribute, 0 @InitBinder, 1 RequestBodyAdvice, 1 ResponseBodyAdvice
2023-03-04 17:39:39,679 DEBUG org.springframework.web.servlet.handler.SimpleUrlHandlerMapping [main] Patterns [/swagger-ui/] in 'viewControllerHandlerMapping'
2023-03-04 17:39:39,703 DEBUG org.springframework.web.servlet.handler.SimpleUrlHandlerMapping [main] Patterns [/webjars/**, /**, /swagger-ui/**] in 'resourceHandlerMapping'
2023-03-04 17:39:39,712 DEBUG org.springframework.web.servlet.mvc.method.annotation.ExceptionHandlerExceptionResolver [main] ControllerAdvice beans: 0 @ExceptionHandler, 1 ResponseBodyAdvice
2023-03-04 17:39:39,834 INFO org.apache.juli.logging.DirectJDKLog [main] Starting ProtocolHandler ["http-nio-8082"]
2023-03-04 17:39:39,871 INFO org.springframework.boot.web.embedded.tomcat.TomcatWebServer [main] Tomcat started on port(s): 8082 (http) with context path ''
2023-03-04 17:39:40,250 INFO org.springframework.boot.StartupInfoLogger [main] Started PFEApplication in 6.039 seconds (JVM running for 6.765)
2023-03-04 17:39:40,257 INFO ma.pfe.PFEApplication [main] Access URLs:
----------------------------------------------------------
	Local: 		http://127.0.0.1:8082/swagger-ui/#/
	External: 	http://192.168.1.8:8082/swagger-ui/#/
----------------------------------------------------------
2023-03-04 17:41:55,586 INFO org.springframework.orm.jpa.AbstractEntityManagerFactoryBean [SpringApplicationShutdownHook] Closing JPA EntityManagerFactory for persistence unit 'default'
2023-03-04 17:41:55,600 INFO com.zaxxer.hikari.HikariDataSource [SpringApplicationShutdownHook] HikariPool-1 - Shutdown initiated...
2023-03-04 17:41:55,656 INFO com.zaxxer.hikari.HikariDataSource [SpringApplicationShutdownHook] HikariPool-1 - Shutdown completed.
2023-03-04 17:57:05,656 INFO org.springframework.boot.StartupInfoLogger [main] Starting PFEApplication using Java 1.8.0_362 on LAPTOP-B3SK61G6 with PID 9964 (C:\Users\badrm\IdeaProjects\PFEProject\target\classes started by badrm in C:\Users\badrm\IdeaProjects\PFEProject)
2023-03-04 17:57:05,659 DEBUG org.springframework.boot.StartupInfoLogger [main] Running with Spring Boot v2.5.3, Spring v5.3.9
2023-03-04 17:57:05,659 INFO org.springframework.boot.SpringApplication [main] The following profiles are active: local
2023-03-04 17:57:06,764 INFO org.springframework.data.repository.config.RepositoryConfigurationDelegate [main] Bootstrapping Spring Data JPA repositories in DEFAULT mode.
2023-03-04 17:57:06,833 INFO org.springframework.data.repository.config.RepositoryConfigurationDelegate [main] Finished Spring Data repository scanning in 56 ms. Found 1 JPA repository interfaces.
2023-03-04 17:57:07,821 INFO org.springframework.boot.web.embedded.tomcat.TomcatWebServer [main] Tomcat initialized with port(s): 8082 (http)
2023-03-04 17:57:07,836 INFO org.apache.juli.logging.DirectJDKLog [main] Initializing ProtocolHandler ["http-nio-8082"]
2023-03-04 17:57:07,837 INFO org.apache.juli.logging.DirectJDKLog [main] Starting service [Tomcat]
2023-03-04 17:57:07,837 INFO org.apache.juli.logging.DirectJDKLog [main] Starting Servlet engine: [Apache Tomcat/9.0.50]
2023-03-04 17:57:07,951 INFO org.apache.juli.logging.DirectJDKLog [main] Initializing Spring embedded WebApplicationContext
2023-03-04 17:57:07,951 INFO org.springframework.boot.web.servlet.context.ServletWebServerApplicationContext [main] Root WebApplicationContext: initialization completed in 2215 ms
2023-03-04 17:57:08,326 INFO org.hibernate.jpa.internal.util.LogHelper [main] HHH000204: Processing PersistenceUnitInfo [name: default]
2023-03-04 17:57:08,401 INFO org.hibernate.Version [main] HHH000412: Hibernate ORM core version 5.4.32.Final
2023-03-04 17:57:08,601 INFO org.hibernate.annotations.common.reflection.java.JavaReflectionManager [main] HCANN000001: Hibernate Commons Annotations {5.1.2.Final}
2023-03-04 17:57:08,736 INFO com.zaxxer.hikari.HikariDataSource [main] HikariPool-1 - Starting...
2023-03-04 17:57:08,911 INFO com.zaxxer.hikari.HikariDataSource [main] HikariPool-1 - Start completed.
2023-03-04 17:57:08,929 INFO org.hibernate.dialect.Dialect [main] HHH000400: Using dialect: org.hibernate.dialect.MySQL57Dialect
2023-03-04 17:57:09,623 INFO org.hibernate.engine.transaction.jta.platform.internal.JtaPlatformInitiator [main] HHH000490: Using JtaPlatform implementation: [org.hibernate.engine.transaction.jta.platform.internal.NoJtaPlatform]
2023-03-04 17:57:09,633 INFO org.springframework.orm.jpa.AbstractEntityManagerFactoryBean [main] Initialized JPA EntityManagerFactory for persistence unit 'default'
2023-03-04 17:57:10,337 WARN org.springframework.boot.autoconfigure.orm.jpa.JpaBaseConfiguration$JpaWebConfiguration [main] spring.jpa.open-in-view is enabled by default. Therefore, database queries may be performed during view rendering. Explicitly configure spring.jpa.open-in-view to disable this warning
2023-03-04 17:57:10,455 DEBUG org.springframework.web.servlet.handler.AbstractHandlerMethodMapping [main] 11 mappings in 'requestMappingHandlerMapping'
2023-03-04 17:57:10,738 DEBUG org.springframework.web.servlet.mvc.method.annotation.RequestMappingHandlerAdapter [main] ControllerAdvice beans: 0 @ModelAttribute, 0 @InitBinder, 1 RequestBodyAdvice, 1 ResponseBodyAdvice
2023-03-04 17:57:10,815 DEBUG org.springframework.web.servlet.handler.SimpleUrlHandlerMapping [main] Patterns [/swagger-ui/] in 'viewControllerHandlerMapping'
2023-03-04 17:57:10,841 DEBUG org.springframework.web.servlet.handler.SimpleUrlHandlerMapping [main] Patterns [/webjars/**, /**, /swagger-ui/**] in 'resourceHandlerMapping'
2023-03-04 17:57:10,852 DEBUG org.springframework.web.servlet.mvc.method.annotation.ExceptionHandlerExceptionResolver [main] ControllerAdvice beans: 0 @ExceptionHandler, 1 ResponseBodyAdvice
2023-03-04 17:57:11,029 INFO org.apache.juli.logging.DirectJDKLog [main] Starting ProtocolHandler ["http-nio-8082"]
2023-03-04 17:57:11,057 INFO org.springframework.boot.web.embedded.tomcat.TomcatWebServer [main] Tomcat started on port(s): 8082 (http) with context path ''
2023-03-04 17:57:11,577 INFO org.springframework.boot.StartupInfoLogger [main] Started PFEApplication in 6.556 seconds (JVM running for 7.377)
2023-03-04 17:57:11,586 INFO ma.pfe.PFEApplication [main] Access URLs:
----------------------------------------------------------
	Local: 		http://127.0.0.1:8082/swagger-ui/#/
	External: 	http://192.168.1.8:8082/swagger-ui/#/
----------------------------------------------------------
2023-03-04 17:57:15,417 INFO org.apache.juli.logging.DirectJDKLog [http-nio-8082-exec-1] Initializing Spring DispatcherServlet 'dispatcherServlet'
2023-03-04 17:57:15,418 INFO org.springframework.web.servlet.FrameworkServlet [http-nio-8082-exec-1] Initializing Servlet 'dispatcherServlet'
2023-03-04 17:57:15,419 DEBUG org.springframework.web.servlet.DispatcherServlet [http-nio-8082-exec-1] Detected StandardServletMultipartResolver
2023-03-04 17:57:15,419 DEBUG org.springframework.web.servlet.DispatcherServlet [http-nio-8082-exec-1] Detected AcceptHeaderLocaleResolver
2023-03-04 17:57:15,420 DEBUG org.springframework.web.servlet.DispatcherServlet [http-nio-8082-exec-1] Detected FixedThemeResolver
2023-03-04 17:57:15,422 DEBUG org.springframework.web.servlet.DispatcherServlet [http-nio-8082-exec-1] Detected org.springframework.web.servlet.view.DefaultRequestToViewNameTranslator@714c74eb
2023-03-04 17:57:15,423 DEBUG org.springframework.web.servlet.DispatcherServlet [http-nio-8082-exec-1] Detected org.springframework.web.servlet.support.SessionFlashMapManager@4491eaeb
2023-03-04 17:57:15,423 DEBUG org.springframework.web.servlet.FrameworkServlet [http-nio-8082-exec-1] enableLoggingRequestDetails='false': request parameters and headers will be masked to prevent unsafe logging of potentially sensitive data
2023-03-04 17:57:15,423 INFO org.springframework.web.servlet.FrameworkServlet [http-nio-8082-exec-1] Completed initialization in 4 ms
2023-03-04 17:57:15,443 DEBUG org.springframework.core.log.LogFormatUtils [http-nio-8082-exec-1] GET "/swagger-ui/", parameters={}
2023-03-04 17:57:15,456 DEBUG org.springframework.web.servlet.handler.AbstractHandlerMapping [http-nio-8082-exec-1] Mapped to ParameterizableViewController [view="forward:/swagger-ui/index.html"]
2023-03-04 17:57:15,463 DEBUG org.springframework.web.servlet.view.ContentNegotiatingViewResolver [http-nio-8082-exec-1] Selected 'text/html' given [text/html, application/xhtml+xml, image/avif, image/webp, image/apng, application/xml;q=0.9, application/signed-exchange;v=b3;q=0.7, */*;q=0.8]
2023-03-04 17:57:15,464 DEBUG org.springframework.web.servlet.view.AbstractView [http-nio-8082-exec-1] View name 'forward:', model {}
2023-03-04 17:57:15,468 DEBUG org.springframework.web.servlet.view.InternalResourceView [http-nio-8082-exec-1] Forwarding to [/swagger-ui/index.html]
2023-03-04 17:57:15,475 DEBUG org.springframework.core.log.LogFormatUtils [http-nio-8082-exec-1] "FORWARD" dispatch for GET "/swagger-ui/index.html", parameters={}
2023-03-04 17:57:15,482 DEBUG org.springframework.web.servlet.handler.AbstractHandlerMapping [http-nio-8082-exec-1] Mapped to ResourceHttpRequestHandler [Classpath [META-INF/resources/webjars/springfox-swagger-ui/]]
2023-03-04 17:57:15,513 DEBUG org.springframework.web.servlet.FrameworkServlet [http-nio-8082-exec-1] Exiting from "FORWARD" dispatch, status 200
2023-03-04 17:57:15,516 DEBUG org.springframework.web.servlet.FrameworkServlet [http-nio-8082-exec-1] Completed 200 OK
2023-03-04 17:57:15,717 DEBUG org.springframework.core.log.LogFormatUtils [http-nio-8082-exec-2] GET "/swagger-ui/springfox.css?v=3.0.0", parameters={masked}
2023-03-04 17:57:15,724 DEBUG org.springframework.web.servlet.handler.AbstractHandlerMapping [http-nio-8082-exec-2] Mapped to ResourceHttpRequestHandler [Classpath [META-INF/resources/webjars/springfox-swagger-ui/]]
2023-03-04 17:57:15,729 DEBUG org.springframework.core.log.LogFormatUtils [http-nio-8082-exec-3] GET "/swagger-ui/swagger-ui.css?v=3.0.0", parameters={masked}
2023-03-04 17:57:15,736 DEBUG org.springframework.core.log.LogFormatUtils [http-nio-8082-exec-5] GET "/swagger-ui/springfox.js?v=3.0.0", parameters={masked}
2023-03-04 17:57:15,736 DEBUG org.springframework.core.log.LogFormatUtils [http-nio-8082-exec-4] GET "/swagger-ui/swagger-ui-bundle.js?v=3.0.0", parameters={masked}
2023-03-04 17:57:15,740 DEBUG org.springframework.web.servlet.handler.AbstractHandlerMapping [http-nio-8082-exec-5] Mapped to ResourceHttpRequestHandler [Classpath [META-INF/resources/webjars/springfox-swagger-ui/]]
2023-03-04 17:57:15,736 DEBUG org.springframework.web.servlet.handler.AbstractHandlerMapping [http-nio-8082-exec-3] Mapped to ResourceHttpRequestHandler [Classpath [META-INF/resources/webjars/springfox-swagger-ui/]]
2023-03-04 17:57:15,753 DEBUG org.springframework.core.log.LogFormatUtils [http-nio-8082-exec-6] GET "/swagger-ui/swagger-ui-standalone-preset.js?v=3.0.0", parameters={masked}
2023-03-04 17:57:15,750 DEBUG org.springframework.web.servlet.FrameworkServlet [http-nio-8082-exec-2] Completed 200 OK
2023-03-04 17:57:15,759 DEBUG org.springframework.web.servlet.handler.AbstractHandlerMapping [http-nio-8082-exec-6] Mapped to ResourceHttpRequestHandler [Classpath [META-INF/resources/webjars/springfox-swagger-ui/]]
2023-03-04 17:57:15,763 DEBUG org.springframework.web.servlet.handler.AbstractHandlerMapping [http-nio-8082-exec-4] Mapped to ResourceHttpRequestHandler [Classpath [META-INF/resources/webjars/springfox-swagger-ui/]]
2023-03-04 17:57:15,765 DEBUG org.springframework.web.servlet.FrameworkServlet [http-nio-8082-exec-5] Completed 200 OK
2023-03-04 17:57:15,784 DEBUG org.springframework.web.servlet.FrameworkServlet [http-nio-8082-exec-3] Completed 200 OK
2023-03-04 17:57:15,794 DEBUG org.springframework.web.servlet.FrameworkServlet [http-nio-8082-exec-6] Completed 200 OK
2023-03-04 17:57:15,828 DEBUG org.springframework.web.servlet.FrameworkServlet [http-nio-8082-exec-4] Completed 200 OK
2023-03-04 17:57:16,591 DEBUG org.springframework.core.log.LogFormatUtils [http-nio-8082-exec-7] GET "/swagger-resources/configuration/ui", parameters={}
2023-03-04 17:57:16,594 DEBUG org.springframework.core.log.LogFormatUtils [http-nio-8082-exec-8] GET "/swagger-ui/favicon-32x32.png?v=3.0.0", parameters={masked}
2023-03-04 17:57:16,594 DEBUG org.springframework.web.servlet.handler.AbstractHandlerMapping [http-nio-8082-exec-7] Mapped to springfox.documentation.swagger.web.ApiResourceController#uiConfiguration()
2023-03-04 17:57:16,595 DEBUG org.springframework.web.servlet.handler.AbstractHandlerMapping [http-nio-8082-exec-8] Mapped to ResourceHttpRequestHandler [Classpath [META-INF/resources/webjars/springfox-swagger-ui/]]
2023-03-04 17:57:16,600 DEBUG org.springframework.web.servlet.FrameworkServlet [http-nio-8082-exec-8] Completed 200 OK
2023-03-04 17:57:16,619 DEBUG org.springframework.web.servlet.mvc.method.annotation.AbstractMessageConverterMethodProcessor [http-nio-8082-exec-7] Using 'application/json', given [application/json] and supported [application/json]
2023-03-04 17:57:16,653 DEBUG org.springframework.core.log.LogFormatUtils [http-nio-8082-exec-7] Writing [springfox.documentation.swagger.web.UiConfiguration@2bfe429a]
2023-03-04 17:57:16,666 DEBUG org.springframework.web.servlet.FrameworkServlet [http-nio-8082-exec-7] Completed 200 OK
2023-03-04 17:57:16,683 DEBUG org.springframework.core.log.LogFormatUtils [http-nio-8082-exec-9] GET "/swagger-resources/configuration/security", parameters={}
2023-03-04 17:57:16,683 DEBUG org.springframework.web.servlet.handler.AbstractHandlerMapping [http-nio-8082-exec-9] Mapped to springfox.documentation.swagger.web.ApiResourceController#securityConfiguration()
2023-03-04 17:57:16,684 DEBUG org.springframework.web.servlet.mvc.method.annotation.AbstractMessageConverterMethodProcessor [http-nio-8082-exec-9] Using 'application/json', given [application/json] and supported [application/json]
2023-03-04 17:57:16,686 DEBUG org.springframework.core.log.LogFormatUtils [http-nio-8082-exec-9] Writing [springfox.documentation.swagger.web.SecurityConfiguration@28aaad79]
2023-03-04 17:57:16,687 DEBUG org.springframework.web.servlet.FrameworkServlet [http-nio-8082-exec-9] Completed 200 OK
2023-03-04 17:57:16,703 DEBUG org.springframework.core.log.LogFormatUtils [http-nio-8082-exec-3] GET "/swagger-resources", parameters={}
2023-03-04 17:57:16,704 DEBUG org.springframework.web.servlet.handler.AbstractHandlerMapping [http-nio-8082-exec-3] Mapped to springfox.documentation.swagger.web.ApiResourceController#swaggerResources()
2023-03-04 17:57:16,705 DEBUG org.springframework.web.servlet.mvc.method.annotation.AbstractMessageConverterMethodProcessor [http-nio-8082-exec-3] Using 'application/json', given [application/json] and supported [application/json]
2023-03-04 17:57:16,707 DEBUG org.springframework.core.log.LogFormatUtils [http-nio-8082-exec-3] Writing [[springfox.documentation.swagger.web.SwaggerResource@7148a2da]]
2023-03-04 17:57:16,710 DEBUG org.springframework.web.servlet.FrameworkServlet [http-nio-8082-exec-3] Completed 200 OK
2023-03-04 17:57:16,754 DEBUG org.springframework.core.log.LogFormatUtils [http-nio-8082-exec-6] GET "/v3/api-docs", parameters={}
2023-03-04 17:57:16,754 DEBUG org.springframework.web.servlet.handler.AbstractHandlerMapping [http-nio-8082-exec-6] Mapped to springfox.documentation.oas.web.OpenApiControllerWebMvc#getDocumentation(String, HttpServletRequest)
2023-03-04 17:57:16,899 DEBUG org.springframework.web.servlet.mvc.method.annotation.AbstractMessageConverterMethodProcessor [http-nio-8082-exec-6] Using 'application/json', given [application/json, */*] and supported [application/json, application/hal+json]
2023-03-04 17:57:16,902 DEBUG org.springframework.core.log.LogFormatUtils [http-nio-8082-exec-6] Writing [springfox.documentation.spring.web.json.Json@19ab5acb]
2023-03-04 17:57:16,904 DEBUG org.springframework.web.servlet.FrameworkServlet [http-nio-8082-exec-6] Completed 200 OK
2023-03-04 17:57:20,463 DEBUG org.springframework.core.log.LogFormatUtils [http-nio-8082-exec-4] GET "/swagger-ui/", parameters={}
2023-03-04 17:57:20,464 DEBUG org.springframework.web.servlet.handler.AbstractHandlerMapping [http-nio-8082-exec-4] Mapped to ParameterizableViewController [view="forward:/swagger-ui/index.html"]
2023-03-04 17:57:20,466 DEBUG org.springframework.web.servlet.view.ContentNegotiatingViewResolver [http-nio-8082-exec-4] Selected 'text/html' given [text/html, application/xhtml+xml, application/xml;q=0.9, */*;q=0.8]
2023-03-04 17:57:20,466 DEBUG org.springframework.web.servlet.view.AbstractView [http-nio-8082-exec-4] View name 'forward:', model {}
2023-03-04 17:57:20,467 DEBUG org.springframework.web.servlet.view.InternalResourceView [http-nio-8082-exec-4] Forwarding to [/swagger-ui/index.html]
2023-03-04 17:57:20,467 DEBUG org.springframework.core.log.LogFormatUtils [http-nio-8082-exec-4] "FORWARD" dispatch for GET "/swagger-ui/index.html", parameters={}
2023-03-04 17:57:20,467 DEBUG org.springframework.web.servlet.handler.AbstractHandlerMapping [http-nio-8082-exec-4] Mapped to ResourceHttpRequestHandler [Classpath [META-INF/resources/webjars/springfox-swagger-ui/]]
2023-03-04 17:57:20,469 DEBUG org.springframework.web.servlet.FrameworkServlet [http-nio-8082-exec-4] Exiting from "FORWARD" dispatch, status 200
2023-03-04 17:57:20,470 DEBUG org.springframework.web.servlet.FrameworkServlet [http-nio-8082-exec-4] Completed 200 OK
2023-03-04 18:02:41,458 INFO org.springframework.orm.jpa.AbstractEntityManagerFactoryBean [SpringApplicationShutdownHook] Closing JPA EntityManagerFactory for persistence unit 'default'
2023-03-04 18:02:41,480 INFO com.zaxxer.hikari.HikariDataSource [SpringApplicationShutdownHook] HikariPool-1 - Shutdown initiated...
2023-03-04 18:02:41,519 INFO com.zaxxer.hikari.HikariDataSource [SpringApplicationShutdownHook] HikariPool-1 - Shutdown completed.
2023-03-04 18:02:47,841 INFO org.springframework.boot.StartupInfoLogger [main] Starting PFEApplication using Java 1.8.0_362 on LAPTOP-B3SK61G6 with PID 13368 (C:\Users\badrm\IdeaProjects\PFEProject\target\classes started by badrm in C:\Users\badrm\IdeaProjects\PFEProject)
2023-03-04 18:02:47,844 DEBUG org.springframework.boot.StartupInfoLogger [main] Running with Spring Boot v2.5.3, Spring v5.3.9
2023-03-04 18:02:47,846 INFO org.springframework.boot.SpringApplication [main] The following profiles are active: dev
2023-03-04 18:02:49,055 INFO org.springframework.data.repository.config.RepositoryConfigurationDelegate [main] Bootstrapping Spring Data JPA repositories in DEFAULT mode.
2023-03-04 18:02:49,187 INFO org.springframework.data.repository.config.RepositoryConfigurationDelegate [main] Finished Spring Data repository scanning in 83 ms. Found 1 JPA repository interfaces.
2023-03-04 18:02:50,340 INFO org.springframework.boot.web.embedded.tomcat.TomcatWebServer [main] Tomcat initialized with port(s): 8083 (http)
2023-03-04 18:02:50,354 INFO org.apache.juli.logging.DirectJDKLog [main] Initializing ProtocolHandler ["http-nio-8083"]
2023-03-04 18:02:50,354 INFO org.apache.juli.logging.DirectJDKLog [main] Starting service [Tomcat]
2023-03-04 18:02:50,355 INFO org.apache.juli.logging.DirectJDKLog [main] Starting Servlet engine: [Apache Tomcat/9.0.50]
2023-03-04 18:02:50,459 INFO org.apache.juli.logging.DirectJDKLog [main] Initializing Spring embedded WebApplicationContext
2023-03-04 18:02:50,459 INFO org.springframework.boot.web.servlet.context.ServletWebServerApplicationContext [main] Root WebApplicationContext: initialization completed in 2558 ms
2023-03-04 18:02:51,322 INFO com.zaxxer.hikari.HikariDataSource [main] HikariPool-1 - Starting...
2023-03-04 18:02:51,505 INFO com.zaxxer.hikari.HikariDataSource [main] HikariPool-1 - Start completed.
2023-03-04 18:02:52,790 INFO org.springframework.orm.jpa.AbstractEntityManagerFactoryBean [main] Initialized JPA EntityManagerFactory for persistence unit 'default'
2023-03-04 18:02:53,864 WARN org.springframework.boot.autoconfigure.orm.jpa.JpaBaseConfiguration$JpaWebConfiguration [main] spring.jpa.open-in-view is enabled by default. Therefore, database queries may be performed during view rendering. Explicitly configure spring.jpa.open-in-view to disable this warning
2023-03-04 18:02:54,050 DEBUG org.springframework.web.servlet.handler.AbstractHandlerMethodMapping [main] 11 mappings in 'requestMappingHandlerMapping'
2023-03-04 18:02:54,380 DEBUG org.springframework.web.servlet.mvc.method.annotation.RequestMappingHandlerAdapter [main] ControllerAdvice beans: 0 @ModelAttribute, 0 @InitBinder, 1 RequestBodyAdvice, 1 ResponseBodyAdvice
2023-03-04 18:02:54,448 DEBUG org.springframework.web.servlet.handler.SimpleUrlHandlerMapping [main] Patterns [/swagger-ui/] in 'viewControllerHandlerMapping'
2023-03-04 18:02:54,477 DEBUG org.springframework.web.servlet.handler.SimpleUrlHandlerMapping [main] Patterns [/webjars/**, /**, /swagger-ui/**] in 'resourceHandlerMapping'
2023-03-04 18:02:54,484 DEBUG org.springframework.web.servlet.mvc.method.annotation.ExceptionHandlerExceptionResolver [main] ControllerAdvice beans: 0 @ExceptionHandler, 1 ResponseBodyAdvice
2023-03-04 18:02:54,736 INFO org.apache.juli.logging.DirectJDKLog [main] Starting ProtocolHandler ["http-nio-8083"]
2023-03-04 18:02:54,954 INFO org.springframework.boot.web.embedded.tomcat.TomcatWebServer [main] Tomcat started on port(s): 8083 (http) with context path ''
2023-03-04 18:02:55,051 INFO org.springframework.boot.StartupInfoLogger [main] Started PFEApplication in 7.95 seconds (JVM running for 8.799)
2023-03-04 18:02:55,055 INFO ma.pfe.PFEApplication [main] Access URLs:
----------------------------------------------------------
	Local: 		http://127.0.0.1:8083/swagger-ui/#/
	External: 	http://192.168.1.8:8083/swagger-ui/#/
----------------------------------------------------------
2023-03-04 18:03:07,475 INFO org.apache.juli.logging.DirectJDKLog [http-nio-8083-exec-3] Initializing Spring DispatcherServlet 'dispatcherServlet'
2023-03-04 18:03:07,475 INFO org.springframework.web.servlet.FrameworkServlet [http-nio-8083-exec-3] Initializing Servlet 'dispatcherServlet'
2023-03-04 18:03:07,476 DEBUG org.springframework.web.servlet.DispatcherServlet [http-nio-8083-exec-3] Detected StandardServletMultipartResolver
2023-03-04 18:03:07,476 DEBUG org.springframework.web.servlet.DispatcherServlet [http-nio-8083-exec-3] Detected AcceptHeaderLocaleResolver
2023-03-04 18:03:07,476 DEBUG org.springframework.web.servlet.DispatcherServlet [http-nio-8083-exec-3] Detected FixedThemeResolver
2023-03-04 18:03:07,477 DEBUG org.springframework.web.servlet.DispatcherServlet [http-nio-8083-exec-3] Detected org.springframework.web.servlet.view.DefaultRequestToViewNameTranslator@5342eec5
2023-03-04 18:03:07,478 DEBUG org.springframework.web.servlet.DispatcherServlet [http-nio-8083-exec-3] Detected org.springframework.web.servlet.support.SessionFlashMapManager@1686ed85
2023-03-04 18:03:07,478 DEBUG org.springframework.web.servlet.FrameworkServlet [http-nio-8083-exec-3] enableLoggingRequestDetails='false': request parameters and headers will be masked to prevent unsafe logging of potentially sensitive data
2023-03-04 18:03:07,478 INFO org.springframework.web.servlet.FrameworkServlet [http-nio-8083-exec-3] Completed initialization in 2 ms
2023-03-04 18:03:07,502 DEBUG org.springframework.core.log.LogFormatUtils [http-nio-8083-exec-3] GET "/swagger-ui/", parameters={}
2023-03-04 18:03:07,512 DEBUG org.springframework.web.servlet.handler.AbstractHandlerMapping [http-nio-8083-exec-3] Mapped to ParameterizableViewController [view="forward:/swagger-ui/index.html"]
2023-03-04 18:03:07,536 DEBUG org.springframework.web.servlet.view.ContentNegotiatingViewResolver [http-nio-8083-exec-3] Selected 'text/html' given [text/html, application/xhtml+xml, image/avif, image/webp, image/apng, application/xml;q=0.9, application/signed-exchange;v=b3;q=0.7, */*;q=0.8]
2023-03-04 18:03:07,537 DEBUG org.springframework.web.servlet.view.AbstractView [http-nio-8083-exec-3] View name 'forward:', model {}
2023-03-04 18:03:07,542 DEBUG org.springframework.web.servlet.view.InternalResourceView [http-nio-8083-exec-3] Forwarding to [/swagger-ui/index.html]
2023-03-04 18:03:07,571 DEBUG org.springframework.core.log.LogFormatUtils [http-nio-8083-exec-3] "FORWARD" dispatch for GET "/swagger-ui/index.html", parameters={}
2023-03-04 18:03:07,579 DEBUG org.springframework.web.servlet.handler.AbstractHandlerMapping [http-nio-8083-exec-3] Mapped to ResourceHttpRequestHandler [Classpath [META-INF/resources/webjars/springfox-swagger-ui/]]
2023-03-04 18:03:07,622 DEBUG org.springframework.web.servlet.FrameworkServlet [http-nio-8083-exec-3] Exiting from "FORWARD" dispatch, status 200
2023-03-04 18:03:07,624 DEBUG org.springframework.web.servlet.FrameworkServlet [http-nio-8083-exec-3] Completed 200 OK
2023-03-04 18:03:07,744 DEBUG org.springframework.core.log.LogFormatUtils [http-nio-8083-exec-5] GET "/swagger-ui/swagger-ui.css?v=3.0.0", parameters={masked}
2023-03-04 18:03:07,747 DEBUG org.springframework.core.log.LogFormatUtils [http-nio-8083-exec-4] GET "/swagger-ui/springfox.css?v=3.0.0", parameters={masked}
2023-03-04 18:03:07,748 DEBUG org.springframework.web.servlet.handler.AbstractHandlerMapping [http-nio-8083-exec-5] Mapped to ResourceHttpRequestHandler [Classpath [META-INF/resources/webjars/springfox-swagger-ui/]]
2023-03-04 18:03:07,751 DEBUG org.springframework.core.log.LogFormatUtils [http-nio-8083-exec-6] GET "/swagger-ui/swagger-ui-bundle.js?v=3.0.0", parameters={masked}
2023-03-04 18:03:07,751 DEBUG org.springframework.core.log.LogFormatUtils [http-nio-8083-exec-7] GET "/swagger-ui/springfox.js?v=3.0.0", parameters={masked}
2023-03-04 18:03:07,754 DEBUG org.springframework.core.log.LogFormatUtils [http-nio-8083-exec-8] GET "/swagger-ui/swagger-ui-standalone-preset.js?v=3.0.0", parameters={masked}
2023-03-04 18:03:07,754 DEBUG org.springframework.web.servlet.handler.AbstractHandlerMapping [http-nio-8083-exec-6] Mapped to ResourceHttpRequestHandler [Classpath [META-INF/resources/webjars/springfox-swagger-ui/]]
2023-03-04 18:03:07,755 DEBUG org.springframework.web.servlet.handler.AbstractHandlerMapping [http-nio-8083-exec-7] Mapped to ResourceHttpRequestHandler [Classpath [META-INF/resources/webjars/springfox-swagger-ui/]]
2023-03-04 18:03:07,754 DEBUG org.springframework.web.servlet.handler.AbstractHandlerMapping [http-nio-8083-exec-4] Mapped to ResourceHttpRequestHandler [Classpath [META-INF/resources/webjars/springfox-swagger-ui/]]
2023-03-04 18:03:07,758 DEBUG org.springframework.web.servlet.handler.AbstractHandlerMapping [http-nio-8083-exec-8] Mapped to ResourceHttpRequestHandler [Classpath [META-INF/resources/webjars/springfox-swagger-ui/]]
2023-03-04 18:03:07,790 DEBUG org.springframework.web.servlet.FrameworkServlet [http-nio-8083-exec-5] Completed 200 OK
2023-03-04 18:03:07,824 DEBUG org.springframework.web.servlet.FrameworkServlet [http-nio-8083-exec-7] Completed 200 OK
2023-03-04 18:03:07,829 DEBUG org.springframework.web.servlet.FrameworkServlet [http-nio-8083-exec-4] Completed 200 OK
2023-03-04 18:03:07,840 DEBUG org.springframework.web.servlet.FrameworkServlet [http-nio-8083-exec-8] Completed 200 OK
2023-03-04 18:03:07,855 DEBUG org.springframework.web.servlet.FrameworkServlet [http-nio-8083-exec-6] Completed 200 OK
2023-03-04 18:03:08,426 DEBUG org.springframework.core.log.LogFormatUtils [http-nio-8083-exec-9] GET "/swagger-resources/configuration/ui", parameters={}
2023-03-04 18:03:08,428 DEBUG org.springframework.web.servlet.handler.AbstractHandlerMapping [http-nio-8083-exec-9] Mapped to springfox.documentation.swagger.web.ApiResourceController#uiConfiguration()
2023-03-04 18:03:08,429 DEBUG org.springframework.core.log.LogFormatUtils [http-nio-8083-exec-10] GET "/swagger-ui/favicon-32x32.png?v=3.0.0", parameters={masked}
2023-03-04 18:03:08,431 DEBUG org.springframework.web.servlet.handler.AbstractHandlerMapping [http-nio-8083-exec-10] Mapped to ResourceHttpRequestHandler [Classpath [META-INF/resources/webjars/springfox-swagger-ui/]]
2023-03-04 18:03:08,438 DEBUG org.springframework.web.servlet.FrameworkServlet [http-nio-8083-exec-10] Completed 200 OK
2023-03-04 18:03:08,453 DEBUG org.springframework.web.servlet.mvc.method.annotation.AbstractMessageConverterMethodProcessor [http-nio-8083-exec-9] Using 'application/json', given [application/json] and supported [application/json]
2023-03-04 18:03:08,513 DEBUG org.springframework.core.log.LogFormatUtils [http-nio-8083-exec-9] Writing [springfox.documentation.swagger.web.UiConfiguration@548bf9e1]
2023-03-04 18:03:08,529 DEBUG org.springframework.web.servlet.FrameworkServlet [http-nio-8083-exec-9] Completed 200 OK
2023-03-04 18:03:08,547 DEBUG org.springframework.core.log.LogFormatUtils [http-nio-8083-exec-2] GET "/swagger-resources/configuration/security", parameters={}
2023-03-04 18:03:08,548 DEBUG org.springframework.web.servlet.handler.AbstractHandlerMapping [http-nio-8083-exec-2] Mapped to springfox.documentation.swagger.web.ApiResourceController#securityConfiguration()
2023-03-04 18:03:08,548 DEBUG org.springframework.web.servlet.mvc.method.annotation.AbstractMessageConverterMethodProcessor [http-nio-8083-exec-2] Using 'application/json', given [application/json] and supported [application/json]
2023-03-04 18:03:08,552 DEBUG org.springframework.core.log.LogFormatUtils [http-nio-8083-exec-2] Writing [springfox.documentation.swagger.web.SecurityConfiguration@2d043246]
2023-03-04 18:03:08,554 DEBUG org.springframework.web.servlet.FrameworkServlet [http-nio-8083-exec-2] Completed 200 OK
2023-03-04 18:03:08,571 DEBUG org.springframework.core.log.LogFormatUtils [http-nio-8083-exec-1] GET "/swagger-resources", parameters={}
2023-03-04 18:03:08,572 DEBUG org.springframework.web.servlet.handler.AbstractHandlerMapping [http-nio-8083-exec-1] Mapped to springfox.documentation.swagger.web.ApiResourceController#swaggerResources()
2023-03-04 18:03:08,573 DEBUG org.springframework.web.servlet.mvc.method.annotation.AbstractMessageConverterMethodProcessor [http-nio-8083-exec-1] Using 'application/json', given [application/json] and supported [application/json]
2023-03-04 18:03:08,576 DEBUG org.springframework.core.log.LogFormatUtils [http-nio-8083-exec-1] Writing [[springfox.documentation.swagger.web.SwaggerResource@23ac7cff]]
2023-03-04 18:03:08,579 DEBUG org.springframework.web.servlet.FrameworkServlet [http-nio-8083-exec-1] Completed 200 OK
2023-03-04 18:03:08,637 DEBUG org.springframework.core.log.LogFormatUtils [http-nio-8083-exec-3] GET "/v2/api-docs", parameters={}
2023-03-04 18:03:08,638 DEBUG org.springframework.web.servlet.handler.AbstractHandlerMapping [http-nio-8083-exec-3] Mapped to springfox.documentation.swagger2.web.Swagger2ControllerWebMvc#getDocumentation(String, HttpServletRequest)
2023-03-04 18:03:08,730 DEBUG org.springframework.web.servlet.mvc.method.annotation.AbstractMessageConverterMethodProcessor [http-nio-8083-exec-3] Using 'application/json', given [application/json, */*] and supported [application/json, application/hal+json]
2023-03-04 18:03:08,733 DEBUG org.springframework.core.log.LogFormatUtils [http-nio-8083-exec-3] Writing [springfox.documentation.spring.web.json.Json@3c036960]
2023-03-04 18:03:08,735 DEBUG org.springframework.web.servlet.FrameworkServlet [http-nio-8083-exec-3] Completed 200 OK
2023-03-04 18:03:11,863 DEBUG org.springframework.core.log.LogFormatUtils [http-nio-8083-exec-5] GET "/swagger-ui/", parameters={}
2023-03-04 18:03:11,865 DEBUG org.springframework.web.servlet.handler.AbstractHandlerMapping [http-nio-8083-exec-5] Mapped to ParameterizableViewController [view="forward:/swagger-ui/index.html"]
2023-03-04 18:03:11,866 DEBUG org.springframework.web.servlet.view.ContentNegotiatingViewResolver [http-nio-8083-exec-5] Selected 'text/html' given [text/html, application/xhtml+xml, application/xml;q=0.9, */*;q=0.8]
2023-03-04 18:03:11,866 DEBUG org.springframework.web.servlet.view.AbstractView [http-nio-8083-exec-5] View name 'forward:', model {}
2023-03-04 18:03:11,867 DEBUG org.springframework.web.servlet.view.InternalResourceView [http-nio-8083-exec-5] Forwarding to [/swagger-ui/index.html]
2023-03-04 18:03:11,867 DEBUG org.springframework.core.log.LogFormatUtils [http-nio-8083-exec-5] "FORWARD" dispatch for GET "/swagger-ui/index.html", parameters={}
2023-03-04 18:03:11,867 DEBUG org.springframework.web.servlet.handler.AbstractHandlerMapping [http-nio-8083-exec-5] Mapped to ResourceHttpRequestHandler [Classpath [META-INF/resources/webjars/springfox-swagger-ui/]]
2023-03-04 18:03:11,869 DEBUG org.springframework.web.servlet.FrameworkServlet [http-nio-8083-exec-5] Exiting from "FORWARD" dispatch, status 200
2023-03-04 18:03:11,869 DEBUG org.springframework.web.servlet.FrameworkServlet [http-nio-8083-exec-5] Completed 200 OK
2023-03-04 18:03:16,197 DEBUG org.springframework.core.log.LogFormatUtils [http-nio-8083-exec-7] GET "/swagger-ui/", parameters={}
2023-03-04 18:03:16,200 DEBUG org.springframework.web.servlet.handler.AbstractHandlerMapping [http-nio-8083-exec-7] Mapped to ParameterizableViewController [view="forward:/swagger-ui/index.html"]
2023-03-04 18:03:16,203 DEBUG org.springframework.web.servlet.view.ContentNegotiatingViewResolver [http-nio-8083-exec-7] Selected 'text/html' given [text/html, application/xhtml+xml, image/avif, image/webp, image/apng, application/xml;q=0.9, application/signed-exchange;v=b3;q=0.7, */*;q=0.8]
2023-03-04 18:03:16,203 DEBUG org.springframework.web.servlet.view.AbstractView [http-nio-8083-exec-7] View name 'forward:', model {}
2023-03-04 18:03:16,205 DEBUG org.springframework.web.servlet.view.InternalResourceView [http-nio-8083-exec-7] Forwarding to [/swagger-ui/index.html]
2023-03-04 18:03:16,205 DEBUG org.springframework.core.log.LogFormatUtils [http-nio-8083-exec-7] "FORWARD" dispatch for GET "/swagger-ui/index.html", parameters={}
2023-03-04 18:03:16,206 DEBUG org.springframework.web.servlet.handler.AbstractHandlerMapping [http-nio-8083-exec-7] Mapped to ResourceHttpRequestHandler [Classpath [META-INF/resources/webjars/springfox-swagger-ui/]]
2023-03-04 18:03:16,217 DEBUG org.springframework.web.servlet.FrameworkServlet [http-nio-8083-exec-7] Exiting from "FORWARD" dispatch, status 304
2023-03-04 18:03:16,218 DEBUG org.springframework.web.servlet.FrameworkServlet [http-nio-8083-exec-7] Completed 304 NOT_MODIFIED
2023-03-04 18:03:16,375 DEBUG org.springframework.core.log.LogFormatUtils [http-nio-8083-exec-4] GET "/swagger-resources/configuration/ui", parameters={}
2023-03-04 18:03:16,376 DEBUG org.springframework.web.servlet.handler.AbstractHandlerMapping [http-nio-8083-exec-4] Mapped to springfox.documentation.swagger.web.ApiResourceController#uiConfiguration()
2023-03-04 18:03:16,377 DEBUG org.springframework.web.servlet.mvc.method.annotation.AbstractMessageConverterMethodProcessor [http-nio-8083-exec-4] Using 'application/json', given [application/json] and supported [application/json]
2023-03-04 18:03:16,379 DEBUG org.springframework.core.log.LogFormatUtils [http-nio-8083-exec-4] Writing [springfox.documentation.swagger.web.UiConfiguration@548bf9e1]
2023-03-04 18:03:16,382 DEBUG org.springframework.web.servlet.FrameworkServlet [http-nio-8083-exec-4] Completed 200 OK
2023-03-04 18:03:16,402 DEBUG org.springframework.core.log.LogFormatUtils [http-nio-8083-exec-8] GET "/swagger-resources/configuration/security", parameters={}
2023-03-04 18:03:16,403 DEBUG org.springframework.web.servlet.handler.AbstractHandlerMapping [http-nio-8083-exec-8] Mapped to springfox.documentation.swagger.web.ApiResourceController#securityConfiguration()
2023-03-04 18:03:16,403 DEBUG org.springframework.web.servlet.mvc.method.annotation.AbstractMessageConverterMethodProcessor [http-nio-8083-exec-8] Using 'application/json', given [application/json] and supported [application/json]
2023-03-04 18:03:16,405 DEBUG org.springframework.core.log.LogFormatUtils [http-nio-8083-exec-8] Writing [springfox.documentation.swagger.web.SecurityConfiguration@2d043246]
2023-03-04 18:03:16,408 DEBUG org.springframework.web.servlet.FrameworkServlet [http-nio-8083-exec-8] Completed 200 OK
2023-03-04 18:03:16,423 DEBUG org.springframework.core.log.LogFormatUtils [http-nio-8083-exec-6] GET "/swagger-resources", parameters={}
2023-03-04 18:03:16,424 DEBUG org.springframework.web.servlet.handler.AbstractHandlerMapping [http-nio-8083-exec-6] Mapped to springfox.documentation.swagger.web.ApiResourceController#swaggerResources()
2023-03-04 18:03:16,424 DEBUG org.springframework.web.servlet.mvc.method.annotation.AbstractMessageConverterMethodProcessor [http-nio-8083-exec-6] Using 'application/json', given [application/json] and supported [application/json]
2023-03-04 18:03:16,425 DEBUG org.springframework.core.log.LogFormatUtils [http-nio-8083-exec-6] Writing [[springfox.documentation.swagger.web.SwaggerResource@32a37259]]
2023-03-04 18:03:16,426 DEBUG org.springframework.web.servlet.FrameworkServlet [http-nio-8083-exec-6] Completed 200 OK
2023-03-04 18:03:16,453 DEBUG org.springframework.core.log.LogFormatUtils [http-nio-8083-exec-10] GET "/v2/api-docs", parameters={}
2023-03-04 18:03:16,455 DEBUG org.springframework.web.servlet.handler.AbstractHandlerMapping [http-nio-8083-exec-10] Mapped to springfox.documentation.swagger2.web.Swagger2ControllerWebMvc#getDocumentation(String, HttpServletRequest)
2023-03-04 18:03:16,458 DEBUG org.springframework.web.servlet.mvc.method.annotation.AbstractMessageConverterMethodProcessor [http-nio-8083-exec-10] Using 'application/json', given [application/json, */*] and supported [application/json, application/hal+json]
2023-03-04 18:03:16,458 DEBUG org.springframework.core.log.LogFormatUtils [http-nio-8083-exec-10] Writing [springfox.documentation.spring.web.json.Json@1e0d99c6]
2023-03-04 18:03:16,460 DEBUG org.springframework.web.servlet.FrameworkServlet [http-nio-8083-exec-10] Completed 200 OK
2023-03-04 18:03:30,065 INFO org.springframework.orm.jpa.AbstractEntityManagerFactoryBean [SpringApplicationShutdownHook] Closing JPA EntityManagerFactory for persistence unit 'default'
2023-03-04 18:03:30,068 INFO com.zaxxer.hikari.HikariDataSource [SpringApplicationShutdownHook] HikariPool-1 - Shutdown initiated...
2023-03-04 18:03:30,088 INFO com.zaxxer.hikari.HikariDataSource [SpringApplicationShutdownHook] HikariPool-1 - Shutdown completed.
2023-03-04 18:03:34,754 INFO org.springframework.boot.StartupInfoLogger [main] Starting PFEApplication using Java 1.8.0_362 on LAPTOP-B3SK61G6 with PID 4340 (C:\Users\badrm\IdeaProjects\PFEProject\target\classes started by badrm in C:\Users\badrm\IdeaProjects\PFEProject)
2023-03-04 18:03:34,758 DEBUG org.springframework.boot.StartupInfoLogger [main] Running with Spring Boot v2.5.3, Spring v5.3.9
2023-03-04 18:03:34,758 INFO org.springframework.boot.SpringApplication [main] The following profiles are active: dev
2023-03-04 18:03:35,957 INFO org.springframework.data.repository.config.RepositoryConfigurationDelegate [main] Bootstrapping Spring Data JPA repositories in DEFAULT mode.
2023-03-04 18:03:36,032 INFO org.springframework.data.repository.config.RepositoryConfigurationDelegate [main] Finished Spring Data repository scanning in 64 ms. Found 1 JPA repository interfaces.
2023-03-04 18:03:37,200 INFO org.springframework.boot.web.embedded.tomcat.TomcatWebServer [main] Tomcat initialized with port(s): 8083 (http)
2023-03-04 18:03:37,216 INFO org.apache.juli.logging.DirectJDKLog [main] Initializing ProtocolHandler ["http-nio-8083"]
2023-03-04 18:03:37,216 INFO org.apache.juli.logging.DirectJDKLog [main] Starting service [Tomcat]
2023-03-04 18:03:37,217 INFO org.apache.juli.logging.DirectJDKLog [main] Starting Servlet engine: [Apache Tomcat/9.0.50]
2023-03-04 18:03:37,310 INFO org.apache.juli.logging.DirectJDKLog [main] Initializing Spring embedded WebApplicationContext
2023-03-04 18:03:37,311 INFO org.springframework.boot.web.servlet.context.ServletWebServerApplicationContext [main] Root WebApplicationContext: initialization completed in 2452 ms
2023-03-04 18:03:38,129 INFO com.zaxxer.hikari.HikariDataSource [main] HikariPool-1 - Starting...
2023-03-04 18:03:38,405 INFO com.zaxxer.hikari.HikariDataSource [main] HikariPool-1 - Start completed.
2023-03-04 18:03:39,655 INFO org.springframework.orm.jpa.AbstractEntityManagerFactoryBean [main] Initialized JPA EntityManagerFactory for persistence unit 'default'
2023-03-04 18:03:40,378 WARN org.springframework.boot.autoconfigure.orm.jpa.JpaBaseConfiguration$JpaWebConfiguration [main] spring.jpa.open-in-view is enabled by default. Therefore, database queries may be performed during view rendering. Explicitly configure spring.jpa.open-in-view to disable this warning
2023-03-04 18:03:40,516 DEBUG org.springframework.web.servlet.handler.AbstractHandlerMethodMapping [main] 11 mappings in 'requestMappingHandlerMapping'
2023-03-04 18:03:40,957 DEBUG org.springframework.web.servlet.mvc.method.annotation.RequestMappingHandlerAdapter [main] ControllerAdvice beans: 0 @ModelAttribute, 0 @InitBinder, 1 RequestBodyAdvice, 1 ResponseBodyAdvice
2023-03-04 18:03:41,029 DEBUG org.springframework.web.servlet.handler.SimpleUrlHandlerMapping [main] Patterns [/swagger-ui/] in 'viewControllerHandlerMapping'
2023-03-04 18:03:41,059 DEBUG org.springframework.web.servlet.handler.SimpleUrlHandlerMapping [main] Patterns [/webjars/**, /**, /swagger-ui/**] in 'resourceHandlerMapping'
2023-03-04 18:03:41,072 DEBUG org.springframework.web.servlet.mvc.method.annotation.ExceptionHandlerExceptionResolver [main] ControllerAdvice beans: 0 @ExceptionHandler, 1 ResponseBodyAdvice
2023-03-04 18:03:41,270 INFO org.apache.juli.logging.DirectJDKLog [main] Starting ProtocolHandler ["http-nio-8083"]
2023-03-04 18:03:41,454 INFO org.springframework.boot.web.embedded.tomcat.TomcatWebServer [main] Tomcat started on port(s): 8083 (http) with context path ''
2023-03-04 18:03:41,679 INFO org.springframework.boot.StartupInfoLogger [main] Started PFEApplication in 7.525 seconds (JVM running for 8.256)
2023-03-04 18:03:41,683 INFO ma.pfe.PFEApplication [main] Access URLs:
----------------------------------------------------------
	Local: 		http://127.0.0.1:8083/swagger-ui/#/
	External: 	http://192.168.1.8:8083/swagger-ui/#/
----------------------------------------------------------
2023-03-04 18:03:41,838 INFO org.apache.juli.logging.DirectJDKLog [http-nio-8083-exec-1] Initializing Spring DispatcherServlet 'dispatcherServlet'
2023-03-04 18:03:41,838 INFO org.springframework.web.servlet.FrameworkServlet [http-nio-8083-exec-1] Initializing Servlet 'dispatcherServlet'
2023-03-04 18:03:41,838 DEBUG org.springframework.web.servlet.DispatcherServlet [http-nio-8083-exec-1] Detected StandardServletMultipartResolver
2023-03-04 18:03:41,838 DEBUG org.springframework.web.servlet.DispatcherServlet [http-nio-8083-exec-1] Detected AcceptHeaderLocaleResolver
2023-03-04 18:03:41,839 DEBUG org.springframework.web.servlet.DispatcherServlet [http-nio-8083-exec-1] Detected FixedThemeResolver
2023-03-04 18:03:41,840 DEBUG org.springframework.web.servlet.DispatcherServlet [http-nio-8083-exec-1] Detected org.springframework.web.servlet.view.DefaultRequestToViewNameTranslator@adc8683
2023-03-04 18:03:41,841 DEBUG org.springframework.web.servlet.DispatcherServlet [http-nio-8083-exec-1] Detected org.springframework.web.servlet.support.SessionFlashMapManager@38e46765
2023-03-04 18:03:41,841 DEBUG org.springframework.web.servlet.FrameworkServlet [http-nio-8083-exec-1] enableLoggingRequestDetails='false': request parameters and headers will be masked to prevent unsafe logging of potentially sensitive data
2023-03-04 18:03:41,841 INFO org.springframework.web.servlet.FrameworkServlet [http-nio-8083-exec-1] Completed initialization in 3 ms
2023-03-04 18:03:41,854 DEBUG org.springframework.core.log.LogFormatUtils [http-nio-8083-exec-1] GET "/swagger-ui/", parameters={}
2023-03-04 18:03:41,861 DEBUG org.springframework.web.servlet.handler.AbstractHandlerMapping [http-nio-8083-exec-1] Mapped to ParameterizableViewController [view="forward:/swagger-ui/index.html"]
2023-03-04 18:03:41,867 DEBUG org.springframework.web.servlet.view.ContentNegotiatingViewResolver [http-nio-8083-exec-1] Selected 'text/html' given [text/html, application/xhtml+xml, image/avif, image/webp, image/apng, application/xml;q=0.9, application/signed-exchange;v=b3;q=0.7, */*;q=0.8]
2023-03-04 18:03:41,867 DEBUG org.springframework.web.servlet.view.AbstractView [http-nio-8083-exec-1] View name 'forward:', model {}
2023-03-04 18:03:41,869 DEBUG org.springframework.web.servlet.view.InternalResourceView [http-nio-8083-exec-1] Forwarding to [/swagger-ui/index.html]
2023-03-04 18:03:41,873 DEBUG org.springframework.core.log.LogFormatUtils [http-nio-8083-exec-1] "FORWARD" dispatch for GET "/swagger-ui/index.html", parameters={}
2023-03-04 18:03:41,875 DEBUG org.springframework.web.servlet.handler.AbstractHandlerMapping [http-nio-8083-exec-1] Mapped to ResourceHttpRequestHandler [Classpath [META-INF/resources/webjars/springfox-swagger-ui/]]
2023-03-04 18:03:41,880 DEBUG org.springframework.web.servlet.FrameworkServlet [http-nio-8083-exec-1] Exiting from "FORWARD" dispatch, status 304
2023-03-04 18:03:41,881 DEBUG org.springframework.web.servlet.FrameworkServlet [http-nio-8083-exec-1] Completed 304 NOT_MODIFIED
2023-03-04 18:03:42,113 DEBUG org.springframework.core.log.LogFormatUtils [http-nio-8083-exec-2] GET "/swagger-resources/configuration/ui", parameters={}
2023-03-04 18:03:42,118 DEBUG org.springframework.web.servlet.handler.AbstractHandlerMapping [http-nio-8083-exec-2] Mapped to springfox.documentation.swagger.web.ApiResourceController#uiConfiguration()
2023-03-04 18:03:42,120 DEBUG org.springframework.core.log.LogFormatUtils [http-nio-8083-exec-3] GET "/swagger-ui/", parameters={}
2023-03-04 18:03:42,121 DEBUG org.springframework.web.servlet.handler.AbstractHandlerMapping [http-nio-8083-exec-3] Mapped to ParameterizableViewController [view="forward:/swagger-ui/index.html"]
2023-03-04 18:03:42,123 DEBUG org.springframework.web.servlet.view.ContentNegotiatingViewResolver [http-nio-8083-exec-3] Selected 'text/html' given [text/html, application/xhtml+xml, image/avif, image/webp, image/apng, application/xml;q=0.9, application/signed-exchange;v=b3;q=0.7, */*;q=0.8]
2023-03-04 18:03:42,125 DEBUG org.springframework.web.servlet.view.AbstractView [http-nio-8083-exec-3] View name 'forward:', model {}
2023-03-04 18:03:42,127 DEBUG org.springframework.web.servlet.view.InternalResourceView [http-nio-8083-exec-3] Forwarding to [/swagger-ui/index.html]
2023-03-04 18:03:42,127 DEBUG org.springframework.core.log.LogFormatUtils [http-nio-8083-exec-3] "FORWARD" dispatch for GET "/swagger-ui/index.html", parameters={}
2023-03-04 18:03:42,129 DEBUG org.springframework.web.servlet.handler.AbstractHandlerMapping [http-nio-8083-exec-3] Mapped to ResourceHttpRequestHandler [Classpath [META-INF/resources/webjars/springfox-swagger-ui/]]
2023-03-04 18:03:42,132 DEBUG org.springframework.web.servlet.FrameworkServlet [http-nio-8083-exec-3] Exiting from "FORWARD" dispatch, status 304
2023-03-04 18:03:42,133 DEBUG org.springframework.web.servlet.FrameworkServlet [http-nio-8083-exec-3] Completed 304 NOT_MODIFIED
2023-03-04 18:03:42,146 DEBUG org.springframework.web.servlet.mvc.method.annotation.AbstractMessageConverterMethodProcessor [http-nio-8083-exec-2] Using 'application/json', given [application/json] and supported [application/json]
2023-03-04 18:03:42,179 DEBUG org.springframework.core.log.LogFormatUtils [http-nio-8083-exec-2] Writing [springfox.documentation.swagger.web.UiConfiguration@26860877]
2023-03-04 18:03:42,196 DEBUG org.springframework.web.servlet.FrameworkServlet [http-nio-8083-exec-2] Completed 200 OK
2023-03-04 18:03:49,744 DEBUG org.springframework.core.log.LogFormatUtils [http-nio-8083-exec-5] GET "/swagger-resources/configuration/ui", parameters={}
2023-03-04 18:03:49,747 DEBUG org.springframework.web.servlet.handler.AbstractHandlerMapping [http-nio-8083-exec-5] Mapped to springfox.documentation.swagger.web.ApiResourceController#uiConfiguration()
2023-03-04 18:03:49,749 DEBUG org.springframework.web.servlet.mvc.method.annotation.AbstractMessageConverterMethodProcessor [http-nio-8083-exec-5] Using 'application/json', given [application/json] and supported [application/json]
2023-03-04 18:03:49,751 DEBUG org.springframework.core.log.LogFormatUtils [http-nio-8083-exec-5] Writing [springfox.documentation.swagger.web.UiConfiguration@26860877]
2023-03-04 18:03:49,755 DEBUG org.springframework.web.servlet.FrameworkServlet [http-nio-8083-exec-5] Completed 200 OK
2023-03-04 18:03:49,781 DEBUG org.springframework.core.log.LogFormatUtils [http-nio-8083-exec-6] GET "/swagger-resources/configuration/security", parameters={}
2023-03-04 18:03:49,783 DEBUG org.springframework.web.servlet.handler.AbstractHandlerMapping [http-nio-8083-exec-6] Mapped to springfox.documentation.swagger.web.ApiResourceController#securityConfiguration()
2023-03-04 18:03:49,785 DEBUG org.springframework.web.servlet.mvc.method.annotation.AbstractMessageConverterMethodProcessor [http-nio-8083-exec-6] Using 'application/json', given [application/json] and supported [application/json]
2023-03-04 18:03:49,790 DEBUG org.springframework.core.log.LogFormatUtils [http-nio-8083-exec-6] Writing [springfox.documentation.swagger.web.SecurityConfiguration@35b23d7f]
2023-03-04 18:03:49,794 DEBUG org.springframework.web.servlet.FrameworkServlet [http-nio-8083-exec-6] Completed 200 OK
2023-03-04 18:03:49,986 DEBUG org.springframework.core.log.LogFormatUtils [http-nio-8083-exec-7] GET "/swagger-resources", parameters={}
2023-03-04 18:03:49,989 DEBUG org.springframework.web.servlet.handler.AbstractHandlerMapping [http-nio-8083-exec-7] Mapped to springfox.documentation.swagger.web.ApiResourceController#swaggerResources()
2023-03-04 18:03:49,993 DEBUG org.springframework.web.servlet.mvc.method.annotation.AbstractMessageConverterMethodProcessor [http-nio-8083-exec-7] Using 'application/json', given [application/json] and supported [application/json]
2023-03-04 18:03:49,997 DEBUG org.springframework.core.log.LogFormatUtils [http-nio-8083-exec-7] Writing [[springfox.documentation.swagger.web.SwaggerResource@7c0709a3]]
2023-03-04 18:03:50,003 DEBUG org.springframework.web.servlet.FrameworkServlet [http-nio-8083-exec-7] Completed 200 OK
2023-03-04 18:03:50,046 DEBUG org.springframework.core.log.LogFormatUtils [http-nio-8083-exec-8] GET "/v2/api-docs", parameters={}
2023-03-04 18:03:50,047 DEBUG org.springframework.web.servlet.handler.AbstractHandlerMapping [http-nio-8083-exec-8] Mapped to springfox.documentation.swagger2.web.Swagger2ControllerWebMvc#getDocumentation(String, HttpServletRequest)
2023-03-04 18:03:50,183 DEBUG org.springframework.web.servlet.mvc.method.annotation.AbstractMessageConverterMethodProcessor [http-nio-8083-exec-8] Using 'application/json', given [application/json, */*] and supported [application/json, application/hal+json]
2023-03-04 18:03:50,188 DEBUG org.springframework.core.log.LogFormatUtils [http-nio-8083-exec-8] Writing [springfox.documentation.spring.web.json.Json@6d2bfc5e]
2023-03-04 18:03:50,190 DEBUG org.springframework.web.servlet.FrameworkServlet [http-nio-8083-exec-8] Completed 200 OK
2023-03-04 18:04:09,886 DEBUG org.springframework.core.log.LogFormatUtils [http-nio-8083-exec-10] GET "/swagger-ui/", parameters={}
2023-03-04 18:04:09,887 DEBUG org.springframework.web.servlet.handler.AbstractHandlerMapping [http-nio-8083-exec-10] Mapped to ParameterizableViewController [view="forward:/swagger-ui/index.html"]
2023-03-04 18:04:09,888 DEBUG org.springframework.web.servlet.view.ContentNegotiatingViewResolver [http-nio-8083-exec-10] Selected 'text/html' given [text/html, application/xhtml+xml, application/xml;q=0.9, */*;q=0.8]
2023-03-04 18:04:09,888 DEBUG org.springframework.web.servlet.view.AbstractView [http-nio-8083-exec-10] View name 'forward:', model {}
2023-03-04 18:04:09,888 DEBUG org.springframework.web.servlet.view.InternalResourceView [http-nio-8083-exec-10] Forwarding to [/swagger-ui/index.html]
2023-03-04 18:04:09,889 DEBUG org.springframework.core.log.LogFormatUtils [http-nio-8083-exec-10] "FORWARD" dispatch for GET "/swagger-ui/index.html", parameters={}
2023-03-04 18:04:09,890 DEBUG org.springframework.web.servlet.handler.AbstractHandlerMapping [http-nio-8083-exec-10] Mapped to ResourceHttpRequestHandler [Classpath [META-INF/resources/webjars/springfox-swagger-ui/]]
2023-03-04 18:04:09,893 DEBUG org.springframework.web.servlet.FrameworkServlet [http-nio-8083-exec-10] Exiting from "FORWARD" dispatch, status 200
2023-03-04 18:04:09,893 DEBUG org.springframework.web.servlet.FrameworkServlet [http-nio-8083-exec-10] Completed 200 OK
2023-03-04 18:04:13,820 DEBUG org.springframework.core.log.LogFormatUtils [http-nio-8083-exec-1] GET "/swagger-ui/", parameters={}
2023-03-04 18:04:13,822 DEBUG org.springframework.web.servlet.handler.AbstractHandlerMapping [http-nio-8083-exec-1] Mapped to ParameterizableViewController [view="forward:/swagger-ui/index.html"]
2023-03-04 18:04:13,823 DEBUG org.springframework.web.servlet.view.ContentNegotiatingViewResolver [http-nio-8083-exec-1] Selected 'text/html' given [text/html, application/xhtml+xml, application/xml;q=0.9, */*;q=0.8]
2023-03-04 18:04:13,823 DEBUG org.springframework.web.servlet.view.AbstractView [http-nio-8083-exec-1] View name 'forward:', model {}
2023-03-04 18:04:13,824 DEBUG org.springframework.web.servlet.view.InternalResourceView [http-nio-8083-exec-1] Forwarding to [/swagger-ui/index.html]
2023-03-04 18:04:13,824 DEBUG org.springframework.core.log.LogFormatUtils [http-nio-8083-exec-1] "FORWARD" dispatch for GET "/swagger-ui/index.html", parameters={}
2023-03-04 18:04:13,825 DEBUG org.springframework.web.servlet.handler.AbstractHandlerMapping [http-nio-8083-exec-1] Mapped to ResourceHttpRequestHandler [Classpath [META-INF/resources/webjars/springfox-swagger-ui/]]
2023-03-04 18:04:13,828 DEBUG org.springframework.web.servlet.FrameworkServlet [http-nio-8083-exec-1] Exiting from "FORWARD" dispatch, status 200
2023-03-04 18:04:13,828 DEBUG org.springframework.web.servlet.FrameworkServlet [http-nio-8083-exec-1] Completed 200 OK
2023-03-04 18:04:24,548 DEBUG org.springframework.core.log.LogFormatUtils [http-nio-8083-exec-3] POST "/student", parameters={}
2023-03-04 18:04:24,549 DEBUG org.springframework.web.servlet.handler.AbstractHandlerMapping [http-nio-8083-exec-3] Mapped to ma.pfe.controllers.StudentController#save(StudentDTO)
2023-03-04 18:04:24,610 DEBUG org.springframework.core.log.LogFormatUtils [http-nio-8083-exec-3] Read "application/json;charset=UTF-8" to [StudentDTO{id=0, name='AHMED'}]
2023-03-04 18:04:24,614 DEBUG ma.pfe.controllers.StudentController [http-nio-8083-exec-3] start method save dto : StudentDTO{id=0, name='AHMED'} 
2023-03-04 18:04:24,615 DEBUG ma.pfe.services.StudentServiceImpl [http-nio-8083-exec-3] start method save dto : StudentDTO{id=0, name='AHMED'} 
2023-03-04 18:04:24,782 DEBUG org.springframework.web.servlet.mvc.method.annotation.AbstractMessageConverterMethodProcessor [http-nio-8083-exec-3] Using 'application/json', given [*/*] and supported [application/json, application/*+json, application/json, application/*+json]
2023-03-04 18:04:24,782 DEBUG org.springframework.core.log.LogFormatUtils [http-nio-8083-exec-3] Writing [1]
2023-03-04 18:04:24,784 DEBUG org.springframework.web.servlet.FrameworkServlet [http-nio-8083-exec-3] Completed 200 OK
2023-03-04 18:04:37,571 DEBUG org.springframework.core.log.LogFormatUtils [http-nio-8083-exec-4] POST "/student", parameters={}
2023-03-04 18:04:37,572 DEBUG org.springframework.web.servlet.handler.AbstractHandlerMapping [http-nio-8083-exec-4] Mapped to ma.pfe.controllers.StudentController#save(StudentDTO)
2023-03-04 18:04:37,573 DEBUG org.springframework.core.log.LogFormatUtils [http-nio-8083-exec-4] Read "application/json;charset=UTF-8" to [StudentDTO{id=0, name='AHMED'}]
2023-03-04 18:04:37,573 DEBUG ma.pfe.controllers.StudentController [http-nio-8083-exec-4] start method save dto : StudentDTO{id=0, name='AHMED'} 
2023-03-04 18:04:37,573 DEBUG ma.pfe.services.StudentServiceImpl [http-nio-8083-exec-4] start method save dto : StudentDTO{id=0, name='AHMED'} 
2023-03-04 18:04:37,585 DEBUG org.springframework.web.servlet.mvc.method.annotation.AbstractMessageConverterMethodProcessor [http-nio-8083-exec-4] Using 'application/json', given [*/*] and supported [application/json, application/*+json, application/json, application/*+json]
2023-03-04 18:04:37,586 DEBUG org.springframework.core.log.LogFormatUtils [http-nio-8083-exec-4] Writing [2]
2023-03-04 18:04:37,587 DEBUG org.springframework.web.servlet.FrameworkServlet [http-nio-8083-exec-4] Completed 200 OK
